Log file open, 04/05/23 21:52:37
LogWindows: Failed to load 'aqProf.dll' (GetLastError=126)
LogWindows: File 'aqProf.dll' does not exist
LogWindows: Failed to load 'VtuneApi.dll' (GetLastError=126)
LogWindows: File 'VtuneApi.dll' does not exist
LogWindows: Failed to load 'VtuneApi32e.dll' (GetLastError=126)
LogWindows: File 'VtuneApi32e.dll' does not exist
LogInit: Display: Running engine for game: ArenaBattle
LogPlatformFile: Not using cached read wrapper
LogInit: Display: RandInit(-634800389) SRandInit(-634800389).
LogInit: Read version file with build ID '3944462'
LogInit: Overriding engine version to CL 4033788, compatible CL 3944462
LogInit: Registered custom module enumerator with build ID '3944462'
LogTaskGraph: Started task graph with 5 named threads and 47 total threads with 3 sets of task threads.
LogStats: Stats thread started at 0.761065
LogD3D11RHI: Aftermath initialized
LogICUInternationalization: Display: ICU TimeZone Detection - Raw Offset: +9:00, Platform Override: ''
LogPluginManager: Mounting plugin Paper2D
LogPluginManager: Mounting plugin LiveLink
LogPluginManager: Mounting plugin LightPropagationVolume
LogPluginManager: Mounting plugin CLionSourceCodeAccess
LogPluginManager: Mounting plugin CodeLiteSourceCodeAccess
LogPluginManager: Mounting plugin GitSourceControl
LogPluginManager: Mounting plugin KDevelopSourceCodeAccess
LogPluginManager: Mounting plugin NullSourceCodeAccess
LogPluginManager: Mounting plugin PerforceSourceControl
LogPluginManager: Mounting plugin SubversionSourceControl
LogPluginManager: Mounting plugin UObjectPlugin
LogPluginManager: Mounting plugin VisualStudioCodeSourceCodeAccess
LogPluginManager: Mounting plugin VisualStudioSourceCodeAccess
LogPluginManager: Mounting plugin XCodeSourceCodeAccess
LogPluginManager: Mounting plugin AssetManagerEditor
LogPluginManager: Mounting plugin CryptoKeys
LogPluginManager: Mounting plugin DataValidation
LogPluginManager: Mounting plugin FacialAnimation
LogPluginManager: Mounting plugin GameplayTagsEditor
LogPluginManager: Mounting plugin MobileLauncherProfileWizard
LogPluginManager: Mounting plugin PluginBrowser
LogPluginManager: Mounting plugin SpeedTreeImporter
LogPluginManager: Mounting plugin DatasmithContent
LogPluginManager: Mounting plugin AlembicImporter
LogPluginManager: Mounting plugin CharacterAI
LogPluginManager: Mounting plugin HTML5Networking
LogPluginManager: Mounting plugin AndroidMedia
LogPluginManager: Mounting plugin AvfMedia
LogPluginManager: Mounting plugin ImgMedia
LogPluginManager: Mounting plugin LinearTimecode
LogPluginManager: Mounting plugin MediaCompositing
LogPluginManager: Mounting plugin MediaPlayerEditor
LogPluginManager: Mounting plugin WmfMedia
LogPluginManager: Mounting plugin TcpMessaging
LogPluginManager: Mounting plugin UdpMessaging
LogPluginManager: Mounting plugin ActorSequence
LogPluginManager: Mounting plugin LevelSequenceEditor
LogPluginManager: Mounting plugin MatineeToLevelSequence
LogPluginManager: Mounting plugin NetcodeUnitTest
LogPluginManager: Mounting plugin NUTUnrealEngine4
LogPluginManager: Mounting plugin OnlineSubsystemGooglePlay
LogPluginManager: Mounting plugin OnlineSubsystemIOS
LogPluginManager: Mounting plugin OnlineSubsystem
LogPluginManager: Mounting plugin OnlineSubsystemNull
LogPluginManager: Mounting plugin OnlineSubsystemUtils
LogPluginManager: Mounting plugin AndroidDeviceProfileSelector
LogPluginManager: Mounting plugin AndroidMoviePlayer
LogPluginManager: Mounting plugin AndroidPermission
LogPluginManager: Mounting plugin AppleARKit
LogPluginManager: Mounting plugin AppleMoviePlayer
LogPluginManager: Mounting plugin ArchVisCharacter
LogPluginManager: Mounting plugin AudioCapture
LogPluginManager: Mounting plugin CableComponent
LogPluginManager: Mounting plugin CustomMeshComponent
LogPluginManager: Mounting plugin ExampleDeviceProfileSelector
LogPluginManager: Mounting plugin GoogleCloudMessaging
LogPluginManager: Mounting plugin ImmediatePhysics
LogPluginManager: Mounting plugin IOSDeviceProfileSelector
LogPluginManager: Mounting plugin LinuxDeviceProfileSelector
LogPluginManager: Mounting plugin LocationServicesBPLibrary
LogPluginManager: Mounting plugin MobilePatchingUtils
LogPluginManager: Mounting plugin OculusVR
LogPluginManager: Plugin shader directory ../../../Engine/Plugins/Runtime/Oculus/OculusVR/Shaders found
LogPluginManager: Mapping shader source directory ../../../Engine/Plugins/Runtime/Oculus/OculusVR/Shaders to virtual directory /Plugin/OculusVR
LogPluginManager: Mounting plugin PhysXVehicles
LogPluginManager: Mounting plugin ProceduralMeshComponent
LogPluginManager: Mounting plugin RuntimePhysXCooking
LogPluginManager: Mounting plugin SteamVR
LogPluginManager: Mounting plugin WindowsMoviePlayer
LogStreaming: Display: Took  0.183s to configure plugins.
LogModuleManager: Display: Found up-to-date module file ../../../../../../UE_Project/ArenaBattle/Binaries/Win64/UE4Editor-ArenaBattleSetting-1325.dll (API version 3944462).
LogModuleManager: Display: Found up-to-date module file ../../../../../../UE_Project/ArenaBattle/Binaries/Win64/UE4Editor-ArenaBattle-1325.dll (API version 3944462).
LogModuleManager: Display: Found up-to-date module file ../../../Engine/Plugins/2D/Paper2D/Binaries/Win64/UE4Editor-Paper2D.dll (API version 3944462).
LogModuleManager: Display: Found up-to-date module file ../../../Engine/Plugins/2D/Paper2D/Binaries/Win64/UE4Editor-Paper2DEditor.dll (API version 3944462).
LogModuleManager: Display: Found up-to-date module file ../../../Engine/Plugins/2D/Paper2D/Binaries/Win64/UE4Editor-PaperSpriteSheetImporter.dll (API version 3944462).
LogModuleManager: Display: Found up-to-date module file ../../../Engine/Plugins/2D/Paper2D/Binaries/Win64/UE4Editor-PaperTiledImporter.dll (API version 3944462).
LogModuleManager: Display: Found up-to-date module file ../../../Engine/Plugins/2D/Paper2D/Binaries/Win64/UE4Editor-SmartSnapping.dll (API version 3944462).
LogModuleManager: Display: Found up-to-date module file ../../../Engine/Plugins/Animation/LiveLink/Binaries/Win64/UE4Editor-LiveLink.dll (API version 3944462).
LogModuleManager: Display: Found up-to-date module file ../../../Engine/Plugins/Animation/LiveLink/Binaries/Win64/UE4Editor-LiveLinkEditor.dll (API version 3944462).
LogModuleManager: Display: Found up-to-date module file ../../../Engine/Plugins/Blendables/LightPropagationVolume/Binaries/Win64/UE4Editor-LightPropagationVolumeRuntime.dll (API version 3944462).
LogModuleManager: Display: Found up-to-date module file ../../../Engine/Plugins/Blendables/LightPropagationVolume/Binaries/Win64/UE4Editor-LightPropagationVolumeEditor.dll (API version 3944462).
LogModuleManager: Display: Found up-to-date module file ../../../Engine/Plugins/Developer/CLionSourceCodeAccess/Binaries/Win64/UE4Editor-CLionSourceCodeAccess.dll (API version 3944462).
LogModuleManager: Display: Found up-to-date module file ../../../Engine/Plugins/Developer/GitSourceControl/Binaries/Win64/UE4Editor-GitSourceControl.dll (API version 3944462).
LogModuleManager: Display: Found up-to-date module file ../../../Engine/Plugins/Developer/PerforceSourceControl/Binaries/Win64/UE4Editor-PerforceSourceControl.dll (API version 3944462).
LogModuleManager: Display: Found up-to-date module file ../../../Engine/Plugins/Developer/SubversionSourceControl/Binaries/Win64/UE4Editor-SubversionSourceControl.dll (API version 3944462).
LogModuleManager: Display: Found up-to-date module file ../../../Engine/Plugins/Developer/UObjectPlugin/Binaries/Win64/UE4Editor-UObjectPlugin.dll (API version 3944462).
LogModuleManager: Display: Found up-to-date module file ../../../Engine/Plugins/Developer/VisualStudioCodeSourceCodeAccess/Binaries/Win64/UE4Editor-VisualStudioCodeSourceCodeAccess.dll (API version 3944462).
LogModuleManager: Display: Found up-to-date module file ../../../Engine/Plugins/Developer/VisualStudioSourceCodeAccess/Binaries/Win64/UE4Editor-VisualStudioSourceCodeAccess.dll (API version 3944462).
LogModuleManager: Display: Found up-to-date module file ../../../Engine/Plugins/Editor/AssetManagerEditor/Binaries/Win64/UE4Editor-AssetManagerEditor.dll (API version 3944462).
LogModuleManager: Display: Found up-to-date module file ../../../Engine/Plugins/Editor/CryptoKeys/Binaries/Win64/UE4Editor-CryptoKeys.dll (API version 3944462).
LogModuleManager: Display: Found up-to-date module file ../../../Engine/Plugins/Editor/CryptoKeys/Binaries/Win64/UE4Editor-CryptoKeysOpenSSL.dll (API version 3944462).
LogModuleManager: Display: Found up-to-date module file ../../../Engine/Plugins/Editor/DataValidation/Binaries/Win64/UE4Editor-DataValidation.dll (API version 3944462).
LogModuleManager: Display: Found up-to-date module file ../../../Engine/Plugins/Editor/FacialAnimation/Binaries/Win64/UE4Editor-FacialAnimation.dll (API version 3944462).
LogModuleManager: Display: Found up-to-date module file ../../../Engine/Plugins/Editor/FacialAnimation/Binaries/Win64/UE4Editor-FacialAnimationEditor.dll (API version 3944462).
LogModuleManager: Display: Found up-to-date module file ../../../Engine/Plugins/Editor/GameplayTagsEditor/Binaries/Win64/UE4Editor-GameplayTagsEditor.dll (API version 3944462).
LogModuleManager: Display: Found up-to-date module file ../../../Engine/Plugins/Editor/MobileLauncherProfileWizard/Binaries/Win64/UE4Editor-MobileLauncherProfileWizard.dll (API version 3944462).
LogModuleManager: Display: Found up-to-date module file ../../../Engine/Plugins/Editor/PluginBrowser/Binaries/Win64/UE4Editor-PluginBrowser.dll (API version 3944462).
LogModuleManager: Display: Found up-to-date module file ../../../Engine/Plugins/Editor/SpeedTreeImporter/Binaries/Win64/UE4Editor-SpeedTreeImporter.dll (API version 3944462).
LogModuleManager: Display: Found up-to-date module file ../../../Engine/Plugins/Enterprise/DatasmithContent/Binaries/Win64/UE4Editor-DatasmithContent.dll (API version 3944462).
LogModuleManager: Display: Found up-to-date module file ../../../Engine/Plugins/Experimental/AlembicImporter/Binaries/Win64/UE4Editor-AlembicImporter.dll (API version 3944462).
LogModuleManager: Display: Found up-to-date module file ../../../Engine/Plugins/Experimental/AlembicImporter/Binaries/Win64/UE4Editor-AlembicLibrary.dll (API version 3944462).
LogModuleManager: Display: Found up-to-date module file ../../../Engine/Plugins/Experimental/CharacterAI/Binaries/Win64/UE4Editor-CharacterAI.dll (API version 3944462).
LogModuleManager: Display: Found up-to-date module file ../../../Engine/Plugins/Experimental/HTML5Networking/Binaries/Win64/UE4Editor-HTML5Networking.dll (API version 3944462).
LogModuleManager: Display: Found up-to-date module file ../../../Engine/Plugins/Media/AndroidMedia/Binaries/Win64/UE4Editor-AndroidMediaEditor.dll (API version 3944462).
LogModuleManager: Display: Found up-to-date module file ../../../Engine/Plugins/Media/AndroidMedia/Binaries/Win64/UE4Editor-AndroidMediaFactory.dll (API version 3944462).
LogModuleManager: Display: Found up-to-date module file ../../../Engine/Plugins/Media/AvfMedia/Binaries/Win64/UE4Editor-AvfMediaEditor.dll (API version 3944462).
LogModuleManager: Display: Found up-to-date module file ../../../Engine/Plugins/Media/AvfMedia/Binaries/Win64/UE4Editor-AvfMediaFactory.dll (API version 3944462).
LogModuleManager: Display: Found up-to-date module file ../../../Engine/Plugins/Media/AvfMedia/Binaries/Win64/UE4Editor-AvfMediaFactory.dll (API version 3944462).
LogModuleManager: Display: Found up-to-date module file ../../../Engine/Plugins/Media/ImgMedia/Binaries/Win64/UE4Editor-ImgMedia.dll (API version 3944462).
LogModuleManager: Display: Found up-to-date module file ../../../Engine/Plugins/Media/ImgMedia/Binaries/Win64/UE4Editor-ImgMediaEditor.dll (API version 3944462).
LogModuleManager: Display: Found up-to-date module file ../../../Engine/Plugins/Media/ImgMedia/Binaries/Win64/UE4Editor-ImgMediaFactory.dll (API version 3944462).
LogModuleManager: Display: Found up-to-date module file ../../../Engine/Plugins/Media/ImgMedia/Binaries/Win64/UE4Editor-ImgMediaFactory.dll (API version 3944462).
LogModuleManager: Display: Found up-to-date module file ../../../Engine/Plugins/Media/ImgMedia/Binaries/Win64/UE4Editor-OpenExrWrapper.dll (API version 3944462).
LogModuleManager: Display: Found up-to-date module file ../../../Engine/Plugins/Media/LinearTimecode/Binaries/Win64/UE4Editor-LinearTimecode.dll (API version 3944462).
LogModuleManager: Display: Found up-to-date module file ../../../Engine/Plugins/Media/MediaCompositing/Binaries/Win64/UE4Editor-MediaCompositing.dll (API version 3944462).
LogModuleManager: Display: Found up-to-date module file ../../../Engine/Plugins/Media/MediaCompositing/Binaries/Win64/UE4Editor-MediaCompositingEditor.dll (API version 3944462).
LogModuleManager: Display: Found up-to-date module file ../../../Engine/Plugins/Media/MediaPlayerEditor/Binaries/Win64/UE4Editor-MediaPlayerEditor.dll (API version 3944462).
LogModuleManager: Display: Found up-to-date module file ../../../Engine/Plugins/Media/WmfMedia/Binaries/Win64/UE4Editor-WmfMedia.dll (API version 3944462).
LogModuleManager: Display: Found up-to-date module file ../../../Engine/Plugins/Media/WmfMedia/Binaries/Win64/UE4Editor-WmfMediaEditor.dll (API version 3944462).
LogModuleManager: Display: Found up-to-date module file ../../../Engine/Plugins/Media/WmfMedia/Binaries/Win64/UE4Editor-WmfMediaFactory.dll (API version 3944462).
LogModuleManager: Display: Found up-to-date module file ../../../Engine/Plugins/Media/WmfMedia/Binaries/Win64/UE4Editor-WmfMediaFactory.dll (API version 3944462).
LogModuleManager: Display: Found up-to-date module file ../../../Engine/Plugins/Messaging/TcpMessaging/Binaries/Win64/UE4Editor-TcpMessaging.dll (API version 3944462).
LogModuleManager: Display: Found up-to-date module file ../../../Engine/Plugins/Messaging/UdpMessaging/Binaries/Win64/UE4Editor-UdpMessaging.dll (API version 3944462).
LogModuleManager: Display: Found up-to-date module file ../../../Engine/Plugins/MovieScene/ActorSequence/Binaries/Win64/UE4Editor-ActorSequence.dll (API version 3944462).
LogModuleManager: Display: Found up-to-date module file ../../../Engine/Plugins/MovieScene/LevelSequenceEditor/Binaries/Win64/UE4Editor-LevelSequenceEditor.dll (API version 3944462).
LogModuleManager: Display: Found up-to-date module file ../../../Engine/Plugins/MovieScene/MatineeToLevelSequence/Binaries/Win64/UE4Editor-MatineeToLevelSequence.dll (API version 3944462).
LogModuleManager: Display: Found up-to-date module file ../../../Engine/Plugins/NetcodeUnitTest/NetcodeUnitTest/Binaries/Win64/UE4Editor-NetcodeUnitTest.dll (API version 3944462).
LogModuleManager: Display: Found up-to-date module file ../../../Engine/Plugins/NetcodeUnitTest/NUTUnrealEngine4/Binaries/Win64/UE4Editor-NUTUnrealEngine4.dll (API version 3944462).
LogModuleManager: Display: Found up-to-date module file ../../../Engine/Plugins/Online/OnlineSubsystem/Binaries/Win64/UE4Editor-OnlineSubsystem.dll (API version 3944462).
LogModuleManager: Display: Found up-to-date module file ../../../Engine/Plugins/Online/OnlineSubsystemNull/Binaries/Win64/UE4Editor-OnlineSubsystemNull.dll (API version 3944462).
LogModuleManager: Display: Found up-to-date module file ../../../Engine/Plugins/Online/OnlineSubsystemUtils/Binaries/Win64/UE4Editor-OnlineSubsystemUtils.dll (API version 3944462).
LogModuleManager: Display: Found up-to-date module file ../../../Engine/Plugins/Online/OnlineSubsystemUtils/Binaries/Win64/UE4Editor-OnlineBlueprintSupport.dll (API version 3944462).
LogModuleManager: Display: Found up-to-date module file ../../../Engine/Plugins/Runtime/AndroidDeviceProfileSelector/Binaries/Win64/UE4Editor-AndroidDeviceProfileSelector.dll (API version 3944462).
LogModuleManager: Display: Found up-to-date module file ../../../Engine/Plugins/Runtime/AndroidPermission/Binaries/Win64/UE4Editor-AndroidPermission.dll (API version 3944462).
LogModuleManager: Display: Found up-to-date module file ../../../Engine/Plugins/Runtime/AppleARKit/Binaries/Win64/UE4Editor-AppleARKit.dll (API version 3944462).
LogModuleManager: Display: Found up-to-date module file ../../../Engine/Plugins/Runtime/ArchVisCharacter/Binaries/Win64/UE4Editor-ArchVisCharacter.dll (API version 3944462).
LogModuleManager: Display: Found up-to-date module file ../../../Engine/Plugins/Runtime/AudioCapture/Binaries/Win64/UE4Editor-AudioCapture.dll (API version 3944462).
LogModuleManager: Display: Found up-to-date module file ../../../Engine/Plugins/Runtime/AudioCapture/Binaries/Win64/UE4Editor-AudioCaptureEditor.dll (API version 3944462).
LogModuleManager: Display: Found up-to-date module file ../../../Engine/Plugins/Runtime/CableComponent/Binaries/Win64/UE4Editor-CableComponent.dll (API version 3944462).
LogModuleManager: Display: Found up-to-date module file ../../../Engine/Plugins/Runtime/CustomMeshComponent/Binaries/Win64/UE4Editor-CustomMeshComponent.dll (API version 3944462).
LogModuleManager: Display: Found up-to-date module file ../../../Engine/Plugins/Runtime/ExampleDeviceProfileSelector/Binaries/Win64/UE4Editor-ExampleDeviceProfileSelector.dll (API version 3944462).
LogModuleManager: Display: Found up-to-date module file ../../../Engine/Plugins/Runtime/ImmediatePhysics/Binaries/Win64/UE4Editor-ImmediatePhysics.dll (API version 3944462).
LogModuleManager: Display: Found up-to-date module file ../../../Engine/Plugins/Runtime/ImmediatePhysics/Binaries/Win64/UE4Editor-ImmediatePhysicsEditor.dll (API version 3944462).
LogModuleManager: Display: Found up-to-date module file ../../../Engine/Plugins/Runtime/LocationServicesBPLibrary/Binaries/Win64/UE4Editor-LocationServicesBPLibrary.dll (API version 3944462).
LogModuleManager: Display: Found up-to-date module file ../../../Engine/Plugins/Runtime/MobilePatchingUtils/Binaries/Win64/UE4Editor-MobilePatchingUtils.dll (API version 3944462).
LogModuleManager: Display: Found up-to-date module file ../../../Engine/Plugins/Runtime/Oculus/OculusVR/Binaries/Win64/UE4Editor-OculusHMD.dll (API version 3944462).
LogModuleManager: Display: Found up-to-date module file ../../../Engine/Plugins/Runtime/Oculus/OculusVR/Binaries/Win64/UE4Editor-OculusInput.dll (API version 3944462).
LogModuleManager: Display: Found up-to-date module file ../../../Engine/Plugins/Runtime/Oculus/OculusVR/Binaries/Win64/UE4Editor-OculusEditor.dll (API version 3944462).
LogModuleManager: Display: Found up-to-date module file ../../../Engine/Plugins/Runtime/PhysXVehicles/Binaries/Win64/UE4Editor-PhysXVehicles.dll (API version 3944462).
LogModuleManager: Display: Found up-to-date module file ../../../Engine/Plugins/Runtime/PhysXVehicles/Binaries/Win64/UE4Editor-PhysXVehiclesEditor.dll (API version 3944462).
LogModuleManager: Display: Found up-to-date module file ../../../Engine/Plugins/Runtime/ProceduralMeshComponent/Binaries/Win64/UE4Editor-ProceduralMeshComponent.dll (API version 3944462).
LogModuleManager: Display: Found up-to-date module file ../../../Engine/Plugins/Runtime/ProceduralMeshComponent/Binaries/Win64/UE4Editor-ProceduralMeshComponentEditor.dll (API version 3944462).
LogModuleManager: Display: Found up-to-date module file ../../../Engine/Plugins/Runtime/RuntimePhysXCooking/Binaries/Win64/UE4Editor-RuntimePhysXCooking.dll (API version 3944462).
LogModuleManager: Display: Found up-to-date module file ../../../Engine/Plugins/Runtime/Steam/SteamVR/Binaries/Win64/UE4Editor-SteamVR.dll (API version 3944462).
LogModuleManager: Display: Found up-to-date module file ../../../Engine/Plugins/Runtime/Steam/SteamVR/Binaries/Win64/UE4Editor-SteamVRController.dll (API version 3944462).
LogModuleManager: Display: Found up-to-date module file ../../../Engine/Plugins/Runtime/WindowsMoviePlayer/Binaries/Win64/UE4Editor-WindowsMoviePlayer.dll (API version 3944462).
LogInit: Using libcurl 7.47.1
LogInit:  - built for x86_64-pc-win32
LogInit:  - supports SSL with OpenSSL/1.0.2g
LogInit:  - supports HTTP deflate (compression) using libz 1.2.8
LogInit:  - other features:
LogInit:      CURL_VERSION_SSL
LogInit:      CURL_VERSION_LIBZ
LogInit:      CURL_VERSION_IPV6
LogInit:      CURL_VERSION_ASYNCHDNS
LogInit:      CURL_VERSION_LARGEFILE
LogInit:      CURL_VERSION_IDN
LogInit:  CurlRequestOptions (configurable via config and command line):
LogInit:  - bVerifyPeer = false  - Libcurl will NOT verify peer certificate
LogInit:  - bUseHttpProxy = false  - Libcurl will NOT use HTTP proxy
LogInit:  - bDontReuseConnections = false  - Libcurl will reuse connections
LogInit:  - CertBundlePath = nullptr  - Libcurl will use whatever was configured at build time.
LogInit:  - MaxHostConnections = 16  - Libcurl will limit the number of connections to a host
LogInit:  - LocalHostAddr = Default
LogInit: WinSock: version 1.1 (2.2), MaxSocks=32767, MaxUdp=65467
LogInit: WinSock: I am DESKTOP-A4CSULD (10.2.0.2:0)
LogInit: Build: ++UE4+Release-4.19-CL-4033788
LogInit: Engine Version: 4.19.2-4033788+++UE4+Release-4.19
LogInit: Compatible Engine Version: 4.19.0-3944462+++UE4+Release-4.19
LogInit: Net CL: 3944462
LogDevObjectVersion: Number of dev versions registered: 18
LogDevObjectVersion:   Dev-Blueprints (B0D832E4-1F89-4F0D-ACCF-7EB736FD4AA2): 10
LogDevObjectVersion:   Dev-Build (E1C64328-A22C-4D53-A36C-8E866417BD8C): 0
LogDevObjectVersion:   Dev-Core (375EC13C-06E4-48FB-B500-84F0262A717E): 2
LogDevObjectVersion:   Dev-Editor (E4B068ED-F494-42E9-A231-DA0B2E46BB41): 23
LogDevObjectVersion:   Dev-Framework (CFFC743F-43B0-4480-9391-14DF171D2073): 33
LogDevObjectVersion:   Dev-Mobile (B02B49B5-BB20-44E9-A304-32B752E40360): 2
LogDevObjectVersion:   Dev-Networking (A4E4105C-59A1-49B5-A7C5-40C4547EDFEE): 0
LogDevObjectVersion:   Dev-Online (39C831C9-5AE6-47DC-9A44-9C173E1C8E7C): 0
LogDevObjectVersion:   Dev-Physics (78F01B33-EBEA-4F98-B9B4-84EACCB95AA2): 0
LogDevObjectVersion:   Dev-Platform (6631380F-2D4D-43E0-8009-CF276956A95A): 0
LogDevObjectVersion:   Dev-Rendering (12F88B9F-8875-4AFC-A67C-D90C383ABD29): 25
LogDevObjectVersion:   Dev-Sequencer (7B5AE74C-D270-4C10-A958-57980B212A5A): 6
LogDevObjectVersion:   Dev-VR (D7296918-1DD6-4BDD-9DE2-64A83CC13884): 1
LogDevObjectVersion:   Dev-LoadTimes (C2A15278-BFE7-4AFE-6C17-90FF531DF755): 1
LogDevObjectVersion:   Private-Geometry (6EACA3D4-40EC-4CC1-B786-8BED09428FC5): 2
LogDevObjectVersion:   Dev-AnimPhys (29E575DD-E0A3-4627-9D10-D276232CDCEA): 16
LogDevObjectVersion:   Dev-ReflectionCapture (6B266CEC-1EC7-4B8F-A30B-E4D90942FC07): 1
LogDevObjectVersion:   Dev-Automation (0DF73D61-A23F-47EA-B727-89E90C41499A): 1
LogInit: Compiled (64-bit): Apr 27 2018 02:06:57
LogInit: Compiled with Visual C++: 19.00.24215.01
LogInit: Build Configuration: Development
LogInit: Branch Name: ++UE4+Release-4.19
LogInit: Command Line:  
LogInit: Base Directory: D:/Tools/EpicGames/UE_4.19/Engine/Binaries/Win64/
LogInit: Installed Engine Build: 1
LogStreaming: Display: Took  0.014s to delete old logs.
LogInit: Presizing for max 8388607 objects, including 0 objects not considered by GC, pre-allocating 0 bytes for permanent pool.
LogInit: Object subsystem initialized
[2023.04.05-12.52.39:406][  0]LogInit: Selected Device Profile: [Windows]
[2023.04.05-12.52.39:406][  0]LogInit: Applying CVar settings loaded from the selected device profile: [Windows]
[2023.04.05-12.52.39:439][  0]LogInit: Computer: DESKTOP-A4CSULD
[2023.04.05-12.52.39:439][  0]LogInit: User: 82104
[2023.04.05-12.52.39:440][  0]LogInit: CPU Page size=4096, Cores=8
[2023.04.05-12.52.39:440][  0]LogInit: High frequency timer resolution =10.000000 MHz
[2023.04.05-12.52.39:440][  0]LogMemory: Memory total: Physical=31.9GB (32GB approx)
[2023.04.05-12.52.39:440][  0]LogMemory: Platform Memory Stats for Windows
[2023.04.05-12.52.39:440][  0]LogMemory: Process Physical Memory: 278.16 MB used, 278.16 MB peak
[2023.04.05-12.52.39:440][  0]LogMemory: Process Virtual Memory: 274.27 MB used, 274.27 MB peak
[2023.04.05-12.52.39:440][  0]LogMemory: Physical Memory: 14051.44 MB used,  18664.68 MB free, 32716.11 MB total
[2023.04.05-12.52.39:440][  0]LogMemory: Virtual Memory: 4815.38 MB used,  18664.68 MB free, 134217728.00 MB total
[2023.04.05-12.52.39:483][  0]LogInit: Using OS detected language (ko-KR).
[2023.04.05-12.52.39:483][  0]LogInit: Using OS detected locale (ko-KR).
[2023.04.05-12.52.39:487][  0]LogTextLocalizationManager: No specific localization for 'ko-KR' exists, so the 'ko' localization will be used.
[2023.04.05-12.52.39:935][  0]LogStreaming: Display: Took  0.452s to EndInitTextLocalization.
[2023.04.05-12.52.39:935][  0]LogInit: Setting process to per monitor DPI aware
[2023.04.05-12.52.40:002][  0]LogSlate: New Slate User Created.  User Index 0, Is Virtual User: 0
[2023.04.05-12.52.40:002][  0]LogSlate: Slate User Registered.  User Index 0, Is Virtual User: 0
[2023.04.05-12.52.40:270][  0]LogD3D11RHI: D3D11 adapters:
[2023.04.05-12.52.40:451][  0]LogD3D11RHI:    0. 'NVIDIA GeForce GTX 1660 Ti' (Feature Level 11_0)
[2023.04.05-12.52.40:451][  0]LogD3D11RHI:       5979/0/16358 MB DedicatedVideo/DedicatedSystem/SharedSystem, Outputs:2, VendorId:0x10de
[2023.04.05-12.52.40:454][  0]LogD3D11RHI:    1. 'Microsoft Basic Render Driver' (Feature Level 11_0)
[2023.04.05-12.52.40:454][  0]LogD3D11RHI:       0/0/16358 MB DedicatedVideo/DedicatedSystem/SharedSystem, Outputs:0, VendorId:0x1414
[2023.04.05-12.52.40:454][  0]LogD3D11RHI: Chosen D3D11 Adapter: 0
[2023.04.05-12.52.40:465][  0]LogD3D11RHI: Creating new Direct3DDevice
[2023.04.05-12.52.40:465][  0]LogD3D11RHI:     GPU DeviceId: 0x2182 (for the marketing name, search the web for "GPU Device Id")
[2023.04.05-12.52.40:465][  0]LogWindows: EnumDisplayDevices:
[2023.04.05-12.52.40:466][  0]LogWindows:    0. 'NVIDIA GeForce GTX 1660 Ti' (P:1 D:1)
[2023.04.05-12.52.40:466][  0]LogWindows:    1. 'NVIDIA GeForce GTX 1660 Ti' (P:0 D:1)
[2023.04.05-12.52.40:466][  0]LogWindows:    2. 'NVIDIA GeForce GTX 1660 Ti' (P:0 D:0)
[2023.04.05-12.52.40:466][  0]LogWindows:    3. 'NVIDIA GeForce GTX 1660 Ti' (P:0 D:0)
[2023.04.05-12.52.40:466][  0]LogWindows: DebugString: GetVideoDriverDetailsInvalid PrimaryIsNotTheChoosenAdapter GetVideoDriverDetailsInvalid PrimaryIsNotTheChoosenAdapter GetVideoDriverDetailsInvalid PrimaryIsNotTheChoosenAdapter GetVideoDriverDetailsInvalid PrimaryIsNotTheChoosenAdapter FoundDriverCount:0 
[2023.04.05-12.52.40:466][  0]LogD3D11RHI:     Adapter Name: NVIDIA GeForce GTX 1660 Ti
[2023.04.05-12.52.40:466][  0]LogD3D11RHI:   Driver Version: Unknown (internal:Unknown, unified:Unknown)
[2023.04.05-12.52.40:467][  0]LogD3D11RHI:      Driver Date: Unknown
[2023.04.05-12.52.40:467][  0]LogRHI: Texture pool is 4185 MB (70% of 5979 MB)
[2023.04.05-12.52.40:593][  0]LogD3D11RHI: [Aftermath] Aftermath enabled and primed
[2023.04.05-12.52.40:593][  0]LogD3D11RHI: [Aftermath] Aftermath enabled and primed
[2023.04.05-12.52.40:593][  0]LogD3D11RHI: Async texture creation enabled
[2023.04.05-12.52.40:627][  0]LogD3D11RHI: GPU Timing Frequency: 1000.000000 (Debug: 2 2)
[2023.04.05-12.52.40:628][  0]LogD3D11RHI: HDR output is supported on display 0 (NvId: 0x80061081).
[2023.04.05-12.52.40:629][  0]LogShaderCompilers: Guid format shader working directory is 9 characters bigger than the processId version (../../../../../../UE_Project/ArenaBattle/Intermediate/Shaders/WorkingDirectory/5200/).
[2023.04.05-12.52.40:629][  0]LogShaderCompilers: Cleaned the shader compiler working directory 'C:/Users/Wonjeong/AppData/Local/Temp/UnrealShaderWorkingDir/301618634327F5E148D3A4B183CEF102/'.
[2023.04.05-12.52.41:107][  0]LogTemp: Display: Loaded TP AllDesktopTargetPlatform
[2023.04.05-12.52.41:124][  0]LogTemp: Display: Loaded TP MacClientTargetPlatform
[2023.04.05-12.52.41:143][  0]LogTemp: Display: Loaded TP MacNoEditorTargetPlatform
[2023.04.05-12.52.41:162][  0]LogTemp: Display: Loaded TP MacServerTargetPlatform
[2023.04.05-12.52.41:183][  0]LogTemp: Display: Loaded TP MacTargetPlatform
[2023.04.05-12.52.41:201][  0]LogTemp: Display: Loaded TP WindowsClientTargetPlatform
[2023.04.05-12.52.41:220][  0]LogTemp: Display: Loaded TP WindowsNoEditorTargetPlatform
[2023.04.05-12.52.41:240][  0]LogTemp: Display: Loaded TP WindowsServerTargetPlatform
[2023.04.05-12.52.41:248][  0]LogTemp: Display: Loaded TP WindowsTargetPlatform
[2023.04.05-12.52.41:264][  0]LogTemp: Display: Loaded TP Android_ASTCTargetPlatform
[2023.04.05-12.52.41:279][  0]LogTemp: Display: Loaded TP Android_ATCTargetPlatform
[2023.04.05-12.52.41:295][  0]LogTemp: Display: Loaded TP Android_DXTTargetPlatform
[2023.04.05-12.52.41:313][  0]LogTemp: Display: Loaded TP Android_ETC1aTargetPlatform
[2023.04.05-12.52.41:329][  0]LogTemp: Display: Loaded TP Android_ETC1TargetPlatform
[2023.04.05-12.52.41:347][  0]LogTemp: Display: Loaded TP Android_ETC2TargetPlatform
[2023.04.05-12.52.41:381][  0]LogTemp: Display: Loaded TP Android_MultiTargetPlatform
[2023.04.05-12.52.41:381][  0]LogTemp: Display: Loaded TP Android_PVRTCTargetPlatform
[2023.04.05-12.52.41:397][  0]LogTemp: Display: Loaded TP AndroidTargetPlatform
[2023.04.05-12.52.41:398][  0]LogTemp: Display: Loaded TP HTML5TargetPlatform
[2023.04.05-12.52.41:442][  0]LogTemp: Display: Loaded TP IOSTargetPlatform
[2023.04.05-12.52.41:458][  0]LogTemp: Display: Loaded TP TVOSTargetPlatform
[2023.04.05-12.52.41:474][  0]LogTemp: Display: Loaded TP LinuxClientTargetPlatform
[2023.04.05-12.52.41:492][  0]LogTemp: Display: Loaded TP LinuxNoEditorTargetPlatform
[2023.04.05-12.52.41:511][  0]LogTemp: Display: Loaded TP LinuxServerTargetPlatform
[2023.04.05-12.52.41:531][  0]LogTemp: Display: Loaded TP LinuxTargetPlatform
[2023.04.05-12.52.41:531][  0]LogTargetPlatformManager: Display: Building Assets For Windows
[2023.04.05-12.52.41:661][  0]LogXGEController: Cleaning working directory: C:/Users/Wonjeong/AppData/Local/Temp/UnrealXGEWorkingDir/
[2023.04.05-12.52.41:661][  0]LogXGEController: Cannot use XGE Controller as Incredibuild is not installed on this machine.
[2023.04.05-12.52.41:661][  0]LogShaderCompilers: Cannot use XGE Shader Compiler as Incredibuild is not installed on this machine.
[2023.04.05-12.52.41:661][  0]LogShaderCompilers: Display: Using Local Shader Compiler.
[2023.04.05-12.52.42:471][  0]LogDerivedDataCache: Display: Max Cache Size: 512 MB
[2023.04.05-12.52.42:553][  0]LogDerivedDataCache: Loaded boot cache 0.08s 71MB C:/Users/Wonjeong/AppData/Local/UnrealEngine/4.19/DerivedDataCache/Boot.ddc.
[2023.04.05-12.52.42:553][  0]LogDerivedDataCache: Display: Loaded Boot cache: C:/Users/Wonjeong/AppData/Local/UnrealEngine/4.19/DerivedDataCache/Boot.ddc
[2023.04.05-12.52.42:553][  0]LogDerivedDataCache: FDerivedDataBackendGraph:  Pak pak cache file ../../../../../../UE_Project/ArenaBattle/DerivedDataCache/DDC.ddp not found, will not use a pak cache.
[2023.04.05-12.52.42:553][  0]LogDerivedDataCache: Unable to find inner node Pak for hierarchical cache Hierarchy.
[2023.04.05-12.52.42:553][  0]LogDerivedDataCache: FDerivedDataBackendGraph:  CompressedPak pak cache file ../../../../../../UE_Project/ArenaBattle/DerivedDataCache/Compressed.ddp not found, will not use a pak cache.
[2023.04.05-12.52.42:553][  0]LogDerivedDataCache: Unable to find inner node CompressedPak for hierarchical cache Hierarchy.
[2023.04.05-12.52.42:574][  0]LogDerivedDataCache: Display: Pak cache opened for reading ../../../Engine/DerivedDataCache/Compressed.ddp.
[2023.04.05-12.52.42:587][  0]LogDerivedDataCache: Using Local data cache path C:/Users/Wonjeong/AppData/Local/UnrealEngine/Common/DerivedDataCache: Writable
[2023.04.05-12.52.42:587][  0]LogDerivedDataCache: Shared data cache path not found in *engine.ini, will not use an Shared cache.
[2023.04.05-12.52.42:587][  0]LogDerivedDataCache: Unable to find inner node Shared for hierarchical cache Hierarchy.
[2023.04.05-12.52.42:631][  0]LogMaterial: Verifying Global Shaders for PCD3D_SM5
[2023.04.05-12.52.42:632][  0]LogSlate: Using Freetype 2.6.0
[2023.04.05-12.52.42:632][  0]LogSlate: SlateFontCache - WITH_FREETYPE: 1, WITH_HARFBUZZ: 1
[2023.04.05-12.52.42:632][  0]LogSlate: SlateFontCache - WITH_FREETYPE: 1, WITH_HARFBUZZ: 1
[2023.04.05-12.52.42:777][  0]LogAssetRegistry: FAssetRegistry took 0.0288 seconds to start up
[2023.04.05-12.52.43:171][  0]LogInit: Selected Device Profile: [Windows]
[2023.04.05-12.52.43:480][  0]LogSimplygon: Simplygon DLL not present - disabling.
[2023.04.05-12.52.43:484][  0]LogMeshReduction: Using SimplygonSwarm for distributed automatic mesh merging
[2023.04.05-12.52.43:484][  0]LogMeshReduction: Using QuadricMeshReduction for automatic static mesh reduction
[2023.04.05-12.52.43:484][  0]LogMeshReduction: No automatic skeletal mesh reduction module available
[2023.04.05-12.52.43:484][  0]LogMeshReduction: No automatic mesh merging module available
[2023.04.05-12.52.43:484][  0]LogMeshMerging: No automatic mesh merging module available
[2023.04.05-12.52.43:526][  0]LogNetVersion: ArenaBattle , NetCL: 3944462, EngineNetVer: 2, GameNetVer: 0 (Checksum: 3555152549)
[2023.04.05-12.52.44:391][  0]LogPackageLocalizationCache: Processed 9 localized package path(s) for 2 prioritized culture(s) in 0.142963 seconds
[2023.04.05-12.52.44:401][  0]LogUObjectArray: 36728 objects as part of root set at end of initial load.
[2023.04.05-12.52.44:401][  0]LogUObjectAllocator: 7314304 out of 0 bytes used by permanent object pool.
[2023.04.05-12.52.44:401][  0]LogUObjectArray: CloseDisregardForGC: 0/0 objects in disregard for GC pool
[2023.04.05-12.52.46:490][  0]LogTcpMessaging: Initializing TcpMessaging bridge
[2023.04.05-12.52.46:521][  0]LogUdpMessaging: Initializing bridge on interface 0.0.0.0:0 to multicast group 230.0.0.1:6666.
[2023.04.05-12.52.47:067][  0]LogAnimationCompression: Building Anim DDC data for AnimSequence /Game/Book/Animations/WarriorAttack4.WarriorAttack4
[2023.04.05-12.52.47:088][  0]LogAnimationCompression: Recompressing (AnimSequence /Game/Book/Animations/WarriorAttack4.WarriorAttack4) using current/default (AnimCompress_BitwiseCompressOnly_0) bFirstRecompressUsingCurrentOrDefault(1) bTryAlternateCompressor(0) IsCompressedDataValid(0)
[2023.04.05-12.52.47:091][  0]LogAnimationCompression: Building Anim DDC data for AnimSequence /Game/Book/Animations/WarriorAttack3.WarriorAttack3
[2023.04.05-12.52.47:091][  0]LogAnimationCompression: Recompressing (AnimSequence /Game/Book/Animations/WarriorAttack3.WarriorAttack3) using current/default (AnimCompress_BitwiseCompressOnly_0) bFirstRecompressUsingCurrentOrDefault(1) bTryAlternateCompressor(0) IsCompressedDataValid(0)
[2023.04.05-12.52.47:093][  0]LogAnimationCompression: Building Anim DDC data for AnimSequence /Game/Book/Animations/WarriorAttack2.WarriorAttack2
[2023.04.05-12.52.47:093][  0]LogAnimationCompression: Recompressing (AnimSequence /Game/Book/Animations/WarriorAttack2.WarriorAttack2) using current/default (AnimCompress_BitwiseCompressOnly_0) bFirstRecompressUsingCurrentOrDefault(1) bTryAlternateCompressor(0) IsCompressedDataValid(0)
[2023.04.05-12.52.47:100][  0]LogAnimationCompression: Building Anim DDC data for AnimSequence /Game/Book/Animations/WarriorAttack1.WarriorAttack1
[2023.04.05-12.52.47:101][  0]LogAnimationCompression: Recompressing (AnimSequence /Game/Book/Animations/WarriorAttack1.WarriorAttack1) using current/default (AnimCompress_BitwiseCompressOnly_0) bFirstRecompressUsingCurrentOrDefault(1) bTryAlternateCompressor(0) IsCompressedDataValid(0)
[2023.04.05-12.52.48:545][  0]LogTexture: Display: 텍스처 빌드: Char_M_Cardboard_Skin_Mask (AutoDXT, 2048X2048)
[2023.04.05-12.52.48:545][  0]LogTexture: Display: 텍스처 빌드: Char_M_Cardboard_D (DXT1, 2048X2048)
[2023.04.05-12.52.48:545][  0]LogTexture: Display: 텍스처 빌드: Char_M_Cardboard_N (BC5, 2048X2048)
[2023.04.05-12.52.48:547][  0]LogMaterial: Missing cached shader map for material M_Char_Cardboard, compiling. 
[2023.04.05-12.52.48:617][  0]LogSkeletalMesh: Building Skeletal Mesh SK_CharM_Cardboard...
[2023.04.05-12.52.48:631][  0]LogShaderCompilers: Display: Shaders left to compile 60
[2023.04.05-12.52.48:631][  0]LogShaderCompilers: Display: Shaders left to compile 50
[2023.04.05-12.52.48:631][  0]LogShaderCompilers: Display: Shaders left to compile 40
[2023.04.05-12.52.48:631][  0]LogShaderCompilers: Display: Shaders left to compile 30
[2023.04.05-12.52.48:631][  0]LogShaderCompilers: Display: Shaders left to compile 20
[2023.04.05-12.52.48:631][  0]LogShaderCompilers: Display: Shaders left to compile 10
[2023.04.05-12.52.48:631][  0]LogSkeletalMesh: Built Skeletal Mesh [0.01s] /Game/InfinityBladeWarriors/Character/CompleteCharacters/SK_CharM_Cardboard.SK_CharM_Cardboard
[2023.04.05-12.52.48:823][  0]LogUObjectGlobals: Created PersistentFrame Addr=0x000002490e945588, Size=20, Default__WarriorAnimBlueprint_C Function /Game/Book/Animations/WarriorAnimBlueprint.WarriorAnimBlueprint_C:ExecuteUbergraph_WarriorAnimBlueprint
[2023.04.05-12.52.48:834][  0]LogUObjectGlobals: Destroyed PersistentFrame Addr=0x000002490e945588, Size=20
[2023.04.05-12.52.48:834][  0]LogUObjectGlobals: Created PersistentFrame Addr=0x000002490e945588, Size=20, Default__WarriorAnimBlueprint_C Function /Engine/Transient.REINST_WarriorAnimBlueprint_C_0:ExecuteUbergraph_WarriorAnimBlueprint
[2023.04.05-12.52.48:930][  0]LogUObjectGlobals: Created PersistentFrame Addr=0x000002490f58e740, Size=20, Default__WarriorAnimBlueprint_C Function /Game/Book/Animations/WarriorAnimBlueprint.WarriorAnimBlueprint_C:ExecuteUbergraph_WarriorAnimBlueprint
[2023.04.05-12.52.48:934][  0]LogAnimationCompression: Building Anim DDC data for AnimSequence /Game/Book/Animations/WarriorRun.WarriorRun
[2023.04.05-12.52.48:934][  0]LogAnimationCompression: Recompressing (AnimSequence /Game/Book/Animations/WarriorRun.WarriorRun) using current/default (AnimCompress_BitwiseCompressOnly_0) bFirstRecompressUsingCurrentOrDefault(1) bTryAlternateCompressor(0) IsCompressedDataValid(0)
[2023.04.05-12.52.48:938][  0]LogAnimationCompression: Building Anim DDC data for AnimSequence /Game/Book/Animations/WarriorJump_Start.WarriorJump_Start
[2023.04.05-12.52.48:982][  0]LogAnimationCompression: Recompressing (AnimSequence /Game/Book/Animations/WarriorJump_Start.WarriorJump_Start) using current/default (AnimCompress_RemoveLinearKeys_14) bFirstRecompressUsingCurrentOrDefault(1) bTryAlternateCompressor(0) IsCompressedDataValid(0)
[2023.04.05-12.52.49:187][  0]LogAnimationCompression: Building Anim DDC data for AnimSequence /Game/Book/Animations/WarriorJump_Loop.WarriorJump_Loop
[2023.04.05-12.52.49:187][  0]LogAnimationCompression: Recompressing (AnimSequence /Game/Book/Animations/WarriorJump_Loop.WarriorJump_Loop) using current/default (AnimCompress_RemoveLinearKeys_12) bFirstRecompressUsingCurrentOrDefault(1) bTryAlternateCompressor(0) IsCompressedDataValid(0)
[2023.04.05-12.52.49:221][  0]LogAnimationCompression: Building Anim DDC data for AnimSequence /Game/Book/Animations/WarriorJump_End.WarriorJump_End
[2023.04.05-12.52.49:221][  0]LogAnimationCompression: Recompressing (AnimSequence /Game/Book/Animations/WarriorJump_End.WarriorJump_End) using current/default (AnimCompress_BitwiseCompressOnly_7) bFirstRecompressUsingCurrentOrDefault(1) bTryAlternateCompressor(0) IsCompressedDataValid(0)
[2023.04.05-12.52.49:221][  0]LogAnimationCompression: Building Anim DDC data for AnimSequence /Game/Book/Animations/WarriorIdle.WarriorIdle
[2023.04.05-12.52.49:222][  0]LogAnimationCompression: Recompressing (AnimSequence /Game/Book/Animations/WarriorIdle.WarriorIdle) using current/default (AnimCompress_BitwiseCompressOnly_0) bFirstRecompressUsingCurrentOrDefault(1) bTryAlternateCompressor(0) IsCompressedDataValid(0)
[2023.04.05-12.52.49:224][  0]LogAnimationCompression: Building Anim DDC data for AnimSequence /Game/Book/Animations/WarriorDead.WarriorDead
[2023.04.05-12.52.49:224][  0]LogAnimationCompression: Recompressing (AnimSequence /Game/Book/Animations/WarriorDead.WarriorDead) using current/default (AnimCompress_BitwiseCompressOnly_0) bFirstRecompressUsingCurrentOrDefault(1) bTryAlternateCompressor(0) IsCompressedDataValid(0)
[2023.04.05-12.52.49:261][  0]ArenaBattle: Warning: AABCharacter::AABCharacter(85) Character Asset : /Game/InfinityBladeWarriors/Character/CompleteCharacters/SK_CharM_Barbarous.SK_CharM_Barbarous
[2023.04.05-12.52.49:261][  0]ArenaBattle: Warning: AABCharacter::AABCharacter(85) Character Asset : /Game/InfinityBladeWarriors/Character/CompleteCharacters/sk_CharM_Base.sk_CharM_Base
[2023.04.05-12.52.49:261][  0]ArenaBattle: Warning: AABCharacter::AABCharacter(85) Character Asset : /Game/InfinityBladeWarriors/Character/CompleteCharacters/SK_CharM_Bladed.SK_CharM_Bladed
[2023.04.05-12.52.49:261][  0]ArenaBattle: Warning: AABCharacter::AABCharacter(85) Character Asset : /Game/InfinityBladeWarriors/Character/CompleteCharacters/SK_CharM_Cardboard.SK_CharM_Cardboard
[2023.04.05-12.52.49:261][  0]ArenaBattle: Warning: AABCharacter::AABCharacter(85) Character Asset : /Game/InfinityBladeWarriors/Character/CompleteCharacters/SK_CharM_Forge.SK_CharM_Forge
[2023.04.05-12.52.49:261][  0]ArenaBattle: Warning: AABCharacter::AABCharacter(85) Character Asset : /Game/InfinityBladeWarriors/Character/CompleteCharacters/SK_CharM_FrostGiant.SK_CharM_FrostGiant
[2023.04.05-12.52.49:261][  0]ArenaBattle: Warning: AABCharacter::AABCharacter(85) Character Asset : /Game/InfinityBladeWarriors/Character/CompleteCharacters/SK_CharM_Golden.SK_CharM_Golden
[2023.04.05-12.52.49:261][  0]ArenaBattle: Warning: AABCharacter::AABCharacter(85) Character Asset : /Game/InfinityBladeWarriors/Character/CompleteCharacters/SK_CharM_Natural.SK_CharM_Natural
[2023.04.05-12.52.49:261][  0]ArenaBattle: Warning: AABCharacter::AABCharacter(85) Character Asset : /Game/InfinityBladeWarriors/Character/CompleteCharacters/SK_CharM_Pit.SK_CharM_Pit
[2023.04.05-12.52.49:261][  0]ArenaBattle: Warning: AABCharacter::AABCharacter(85) Character Asset : /Game/InfinityBladeWarriors/Character/CompleteCharacters/SK_CharM_Ragged0.SK_CharM_Ragged0
[2023.04.05-12.52.49:261][  0]ArenaBattle: Warning: AABCharacter::AABCharacter(85) Character Asset : /Game/InfinityBladeWarriors/Character/CompleteCharacters/SK_CharM_RaggedElite.SK_CharM_RaggedElite
[2023.04.05-12.52.49:261][  0]ArenaBattle: Warning: AABCharacter::AABCharacter(85) Character Asset : /Game/InfinityBladeWarriors/Character/CompleteCharacters/SK_CharM_Ram.SK_CharM_Ram
[2023.04.05-12.52.49:261][  0]ArenaBattle: Warning: AABCharacter::AABCharacter(85) Character Asset : /Game/InfinityBladeWarriors/Character/CompleteCharacters/SK_CharM_Robo.SK_CharM_Robo
[2023.04.05-12.52.49:261][  0]ArenaBattle: Warning: AABCharacter::AABCharacter(85) Character Asset : /Game/InfinityBladeWarriors/Character/CompleteCharacters/SK_CharM_Shell.SK_CharM_Shell
[2023.04.05-12.52.49:261][  0]ArenaBattle: Warning: AABCharacter::AABCharacter(85) Character Asset : /Game/InfinityBladeWarriors/Character/CompleteCharacters/SK_CharM_solid.SK_CharM_solid
[2023.04.05-12.52.49:261][  0]ArenaBattle: Warning: AABCharacter::AABCharacter(85) Character Asset : /Game/InfinityBladeWarriors/Character/CompleteCharacters/SK_CharM_Standard.SK_CharM_Standard
[2023.04.05-12.52.49:261][  0]ArenaBattle: Warning: AABCharacter::AABCharacter(85) Character Asset : /Game/InfinityBladeWarriors/Character/CompleteCharacters/SK_CharM_Tusk.SK_CharM_Tusk
[2023.04.05-12.52.49:261][  0]ArenaBattle: Warning: AABCharacter::AABCharacter(85) Character Asset : /Game/InfinityBladeWarriors/Character/CompleteCharacters/SK_CharM_Warrior.SK_CharM_Warrior
[2023.04.05-12.52.49:747][  0]LogTexture: Display: 텍스처 빌드: T_Env_Breakables_BreakablesSnow_M (AutoDXT, 1024X1024)
[2023.04.05-12.52.49:747][  0]LogTexture: Display: 텍스처 빌드: T_Env_Breakables_Breakables_R (AutoDXT, 1024X1024)
[2023.04.05-12.52.49:747][  0]LogTexture: Display: 텍스처 빌드: T_Env_Breakables_Breakables_N (AutoDXT, 1024X1024)
[2023.04.05-12.52.49:747][  0]LogTexture: Display: 텍스처 빌드: T_Env_Breakables_Breakables_D (AutoDXT, 1024X1024)
[2023.04.05-12.52.50:037][  0]LogMaterial: Missing cached shader map for material M_Breakables_Barrels, compiling. 
[2023.04.05-12.52.50:069][  0]LogShaderCompilers: Display: Shaders left to compile 31
[2023.04.05-12.52.50:069][  0]LogShaderCompilers: Display: Shaders left to compile 21
[2023.04.05-12.52.50:069][  0]LogShaderCompilers: Display: Shaders left to compile 11
[2023.04.05-12.52.50:069][  0]LogShaderCompilers: Display: Shaders left to compile 1
[2023.04.05-12.52.50:069][  0]LogStaticMesh: SM_Env_Breakables_Box1 스태틱 메시 빌드중...
[2023.04.05-12.52.50:071][  0]LogStaticMesh: Built static mesh [0.00s] /Game/InfinityBladeGrassLands/Environments/Breakables/StaticMesh/Box/SM_Env_Breakables_Box1.SM_Env_Breakables_Box1
[2023.04.05-12.52.50:418][  0]LogTexture: Display: 텍스처 빌드: T_Pickup_GoldBag_N (BC5, 512X512)
[2023.04.05-12.52.50:418][  0]LogTexture: Display: 텍스처 빌드: T_Pickup_GoldBag_D (AutoDXT, 512X512)
[2023.04.05-12.52.50:419][  0]LogTexture: Display: 텍스처 빌드: T_starFlare_03 (AutoDXT, 256X256)
[2023.04.05-12.52.50:419][  0]LogTexture: Display: 텍스처 빌드: ThumbnailTexture (DXT1, 512X512)
[2023.04.05-12.52.50:419][  0]LogTexture: Display: 텍스처 빌드: T_SwipeTrail (AutoDXT, 512X512)
[2023.04.05-12.52.50:419][  0]LogMaterial: Missing cached shader map for material M_GoldBag, compiling. 
[2023.04.05-12.52.50:440][  0]LogShaderCompilers: Display: Shaders left to compile 41
[2023.04.05-12.52.50:440][  0]LogShaderCompilers: Display: Shaders left to compile 31
[2023.04.05-12.52.50:440][  0]LogShaderCompilers: Display: Shaders left to compile 21
[2023.04.05-12.52.50:440][  0]LogStaticMesh: SM_Treasure_Coin 스태틱 메시 빌드중...
[2023.04.05-12.52.50:441][  0]LogStaticMesh: Built static mesh [0.00s] /Game/InfinityBladeGrassLands/Effects/FX_Meshes/Env/SM_Treasure_Coin.SM_Treasure_Coin
[2023.04.05-12.52.50:485][  0]LogMaterial: Missing cached shader map for material M_Add_Sprite_Master, compiling. 
[2023.04.05-12.52.50:663][  0]LogStaticMesh: SM_TreasureChest_Gold 스태틱 메시 빌드중...
[2023.04.05-12.52.50:665][  0]LogStaticMesh: Built static mesh [0.00s] /Game/InfinityBladeGrassLands/Effects/FX_Meshes/Env/SM_TreasureChest_Gold.SM_TreasureChest_Gold
[2023.04.05-12.52.50:669][  0]LogMaterial: Missing cached shader map for material M_Treasure_Gold_Add_2sided, compiling. 
[2023.04.05-12.52.52:566][  0]LogShaderCompilers: Display: Shaders left to compile 69
[2023.04.05-12.52.52:566][  0]LogTexture: Display: 텍스처 빌드: T_Plains_Terrain_Floors01_N (BC5, 1024X1024)
[2023.04.05-12.52.52:566][  0]LogTexture: Display: 텍스처 빌드: T_Plains_Ruins_Pillars_M (AutoDXT, 2048X2048)
[2023.04.05-12.52.52:566][  0]LogTexture: Display: 텍스처 빌드: T_Plains_Terrain_Floors01_D (AutoDXT, 1024X1024)
[2023.04.05-12.52.52:566][  0]LogTexture: Display: 텍스처 빌드: T_Plains_ExtCastle_StoneWall_01_N (BC5, 2048X2048)
[2023.04.05-12.52.52:566][  0]LogTexture: Display: 텍스처 빌드: T_Plains_Ruins_Pillars_D (AutoDXT, 2048X2048)
[2023.04.05-12.52.52:566][  0]LogTexture: Display: 텍스처 빌드: T_Plains_ExtCastle_StoneWall_01_D (AutoDXT, 2048X2048)
[2023.04.05-12.52.55:131][  0]LogTexture: Display: 텍스처 빌드: T_Plains_Ruins_Pillars_N (BC5, 2048X2048)
[2023.04.05-12.52.55:136][  0]LogMaterial: Missing cached shader map for material M_Plains_StoneWall, compiling. 
[2023.04.05-12.52.55:154][  0]LogMaterial: Missing cached shader map for material M_Plains_Pillars, compiling. 
[2023.04.05-12.52.55:173][  0]LogMaterial: Missing cached shader map for material M_Plains_Floors_Block, compiling. 
[2023.04.05-12.52.55:197][  0]LogStaticMesh: SM_SQUARE 스태틱 메시 빌드중...
[2023.04.05-12.53.03:799][  0]LogShaderCompilers: Display: Shaders left to compile 152
[2023.04.05-12.53.03:799][  0]LogShaderCompilers: Display: Shaders left to compile 142
[2023.04.05-12.53.03:799][  0]LogShaderCompilers: Display: Shaders left to compile 132
[2023.04.05-12.53.03:799][  0]LogShaderCompilers: Display: Shaders left to compile 122
[2023.04.05-12.53.03:799][  0]LogShaderCompilers: Display: Shaders left to compile 112
[2023.04.05-12.53.03:799][  0]LogShaderCompilers: Display: Shaders left to compile 102
[2023.04.05-12.53.03:799][  0]LogShaderCompilers: Display: Shaders left to compile 92
[2023.04.05-12.53.03:799][  0]LogShaderCompilers: Display: Shaders left to compile 82
[2023.04.05-12.53.03:799][  0]LogShaderCompilers: Display: Shaders left to compile 72
[2023.04.05-12.53.03:799][  0]LogShaderCompilers: Display: Shaders left to compile 62
[2023.04.05-12.53.03:799][  0]LogShaderCompilers: Display: Shaders left to compile 52
[2023.04.05-12.53.03:799][  0]LogShaderCompilers: Display: Shaders left to compile 42
[2023.04.05-12.53.03:799][  0]LogShaderCompilers: Display: Shaders left to compile 32
[2023.04.05-12.53.03:799][  0]LogShaderCompilers: Display: Shaders left to compile 22
[2023.04.05-12.53.03:799][  0]LogShaderCompilers: Display: Shaders left to compile 12
[2023.04.05-12.53.03:799][  0]LogShaderCompilers: Display: Shaders left to compile 2
[2023.04.05-12.53.03:799][  0]LogStaticMesh: Built static mesh [8.60s] /Game/Book/StaticMesh/SM_SQUARE.SM_SQUARE
[2023.04.05-12.53.05:452][  0]LogTexture: Display: 텍스처 빌드: T_Plains_Castle_Wroughtlron_D (AutoDXT, 2048X2048)
[2023.04.05-12.53.05:452][  0]LogTexture: Display: 텍스처 빌드: T_Plains_Castle_Wroughtlron_N (BC5, 2048X2048)
[2023.04.05-12.53.05:452][  0]LogMaterial: Missing cached shader map for material M_PLains_Castle_WroughtIron, compiling. 
[2023.04.05-12.53.05:467][  0]LogStaticMesh: SM_GATE 스태틱 메시 빌드중...
[2023.04.05-12.53.05:565][  0]LogShaderCompilers: Display: Shaders left to compile 31
[2023.04.05-12.53.05:565][  0]LogShaderCompilers: Display: Shaders left to compile 21
[2023.04.05-12.53.05:565][  0]LogShaderCompilers: Display: Shaders left to compile 11
[2023.04.05-12.53.05:565][  0]LogShaderCompilers: Display: Shaders left to compile 1
[2023.04.05-12.53.05:565][  0]LogStaticMesh: Built static mesh [0.10s] /Game/Book/StaticMesh/SM_GATE.SM_GATE
[2023.04.05-12.53.05:865][  0]LogTexture: Display: 텍스처 빌드: T_Blade_BlackKnight_Sword2_M (AutoDXT, 256X256)
[2023.04.05-12.53.05:866][  0]LogTexture: Display: 텍스처 빌드: T_Blade_BlackKnight_Sword2_N (BC5, 256X256)
[2023.04.05-12.53.05:866][  0]LogTexture: Display: 텍스처 빌드: T_Blade_BlackKnight_Sword2_D (AutoDXT, 256X256)
[2023.04.05-12.53.05:866][  0]LogTexture: Display: 텍스처 빌드: T_Blade_BlackKnight_Sword1_N (BC5, 256X256)
[2023.04.05-12.53.05:866][  0]LogTexture: Display: 텍스처 빌드: T_Blade_BlackKnight_Sword1_M (AutoDXT, 256X256)
[2023.04.05-12.53.05:866][  0]LogTexture: Display: 텍스처 빌드: T_Blade_BlackKnight_Sword1_D (AutoDXT, 256X256)
[2023.04.05-12.53.05:866][  0]LogMaterial: Missing cached shader map for material M_Blade_BlackKnight, compiling. 
[2023.04.05-12.53.05:901][  0]LogShaderCompilers: Display: Shaders left to compile 60
[2023.04.05-12.53.05:901][  0]LogShaderCompilers: Display: Shaders left to compile 50
[2023.04.05-12.53.05:901][  0]LogShaderCompilers: Display: Shaders left to compile 40
[2023.04.05-12.53.05:901][  0]LogShaderCompilers: Display: Shaders left to compile 30
[2023.04.05-12.53.05:901][  0]LogShaderCompilers: Display: Shaders left to compile 20
[2023.04.05-12.53.05:901][  0]LogShaderCompilers: Display: Shaders left to compile 10
[2023.04.05-12.53.05:901][  0]LogSkeletalMesh: Building Skeletal Mesh SK_Blade_BlackKnight...
[2023.04.05-12.53.05:902][  0]LogSkeletalMesh: Built Skeletal Mesh [0.00s] /Game/InfinityBladeWeapons/Weapons/Blade/Swords/Blade_BlackKnight/SK_Blade_BlackKnight.SK_Blade_BlackKnight
[2023.04.05-12.53.06:140][  0]SourceControl: 소스 콘트롤이 꺼졌습니다.
[2023.04.05-12.53.06:141][  0]SourceControl: 소스 콘트롤이 꺼졌습니다.
[2023.04.05-12.53.06:176][  0]SourceControl: 소스 콘트롤이 꺼졌습니다.
[2023.04.05-12.53.06:201][  0]SourceControl: 소스 콘트롤이 꺼졌습니다.
[2023.04.05-12.53.06:917][  0]LogAndroidPermission: UAndroidPermissionCallbackProxy::GetInstance
[2023.04.05-12.53.07:231][  0]LogOcInput: OculusInput pre-init called
[2023.04.05-12.53.07:405][  0]LogEngine: Initializing Engine...
[2023.04.05-12.53.07:408][  0]LogHMD: Failed to initialize OpenVR with code 110
[2023.04.05-12.53.07:412][  0]LogStats: UGameplayTagsManager::ConstructGameplayTagTree: Construct from data asset -  0.000 s
[2023.04.05-12.53.07:412][  0]LogStats: UGameplayTagsManager::ConstructGameplayTagTree: GameplayTagTreeChangedEvent.Broadcast -  0.000 s
[2023.04.05-12.53.07:931][  0]LogAIModule: Creating AISystem for world Untitled
[2023.04.05-12.53.07:964][  0]LogInit: XAudio2 using '스피커(Realtek(R) Audio)' : 2 channels at 48 kHz using 32 bits per sample (channel mask 0x3)
[2023.04.05-12.53.08:002][  0]LogInit: FAudioDevice initialized.
[2023.04.05-12.53.08:179][  0]LogDerivedDataCache: Saved boot cache 0.18s 138MB C:/Users/Wonjeong/AppData/Local/UnrealEngine/4.19/DerivedDataCache/Boot.ddc.
[2023.04.05-12.53.08:213][  0]LogInit: Texture streaming: Enabled
[2023.04.05-12.53.08:248][  0]LogEngineSessionManager: EngineSessionManager initialized
[2023.04.05-12.53.08:275][  0]LogInit: Transaction tracking system initialized
[2023.04.05-12.53.08:312][  0]BlueprintLog: New page: 에디터 로드
[2023.04.05-12.53.08:456][  0]LocalizationService: 현지화 서비스가 비활성화되었습니다.
[2023.04.05-12.53.08:635][  0]LogConsoleResponse: Display: 
[2023.04.05-12.53.08:934][  0]LogCook: Display: Max memory allowance for cook 16384mb min free memory 0mb
[2023.04.05-12.53.08:934][  0]LogCook: Display: Mobile HDR setting 1
[2023.04.05-12.53.08:935][  0]LogGameplayTags: Display: UGameplayTagsManager::DoneAddingNativeTags. DelegateIsBound: 0
[2023.04.05-12.53.08:935][  0]LogStats: UGameplayTagsManager::ConstructGameplayTagTree: Construct from data asset -  0.000 s
[2023.04.05-12.53.08:935][  0]LogStats: UGameplayTagsManager::ConstructGameplayTagTree: GameplayTagTreeChangedEvent.Broadcast -  0.000 s
[2023.04.05-12.53.08:983][  0]LogFileCache: Scanning file cache for directory 'D:/UE_Project/ArenaBattle/Content/' took 0.05s
[2023.04.05-12.53.09:517][  0]SourceControl: 소스 콘트롤이 꺼졌습니다.
[2023.04.05-12.53.09:518][  0]Cmd: MAP LOAD FILE="../../../../../../UE_Project/ArenaBattle/Content/Book/Maps/Title.umap" TEMPLATE=0 SHOWPROGRESS=1 FEATURELEVEL=3
[2023.04.05-12.53.09:518][  0]LightingResults: New page: 라이팅 빌드
[2023.04.05-12.53.09:523][  0]MapCheck: New page: 맵 체크
[2023.04.05-12.53.09:523][  0]LightingResults: New page: 라이팅 빌드
[2023.04.05-12.53.09:535][  0]LogUObjectGlobals: Destroyed PersistentFrame Addr=0x000002490e945588, Size=20
[2023.04.05-12.53.09:630][  0]LogUObjectGlobals: Created PersistentFrame Addr=0x000002491aefad80, Size=32, Default__UI_Title_C Function /Game/Book/UI/UI_Title.UI_Title_C:ExecuteUbergraph_UI_Title
[2023.04.05-12.53.09:637][  0]LogUObjectGlobals: Destroyed PersistentFrame Addr=0x000002491aefad80, Size=32
[2023.04.05-12.53.09:637][  0]LogUObjectGlobals: Created PersistentFrame Addr=0x000002491aefad80, Size=32, Default__UI_Title_C Function /Engine/Transient.REINST_UI_Title_C_4:ExecuteUbergraph_UI_Title
[2023.04.05-12.53.09:659][  0]LogUObjectGlobals: Created PersistentFrame Addr=0x000002491aefb700, Size=32, Default__UI_Title_C Function /Game/Book/UI/UI_Title.UI_Title_C:ExecuteUbergraph_UI_Title
[2023.04.05-12.53.09:692][  0]LogAIModule: Creating AISystem for world Title
[2023.04.05-12.53.09:821][  0]LogEditorServer: Finished looking for orphan Actors (0.000 secs)
[2023.04.05-12.53.09:833][  0]LogUObjectGlobals: Destroyed PersistentFrame Addr=0x000002491aefad80, Size=32
[2023.04.05-12.53.09:833][  0]Cmd: MAP CHECKDEP NOCLEARLOG
[2023.04.05-12.53.09:916][  0]MapCheck: 맵 체크 완료: 오류 0 회, 경고 0 회, 소요 시간 82.385ms.
[2023.04.05-12.53.09:916][  0]LogFileHelpers: Loading map 'Title' took 0.398
[2023.04.05-12.53.10:069][  0]LogCollectionManager: Loaded 0 collections in 0.002569 seconds
[2023.04.05-12.53.10:119][  0]LogFileCache: Scanning file cache for directory 'D:/UE_Project/ArenaBattle/Saved/Collections/' took 0.01s
[2023.04.05-12.53.10:120][  0]LogFileCache: Scanning file cache for directory 'D:/UE_Project/ArenaBattle/Content/Developers/82104/Collections/' took 0.01s
[2023.04.05-12.53.10:120][  0]LogFileCache: Scanning file cache for directory 'D:/UE_Project/ArenaBattle/Content/Collections/' took 0.01s
[2023.04.05-12.53.10:120][  0]LogCollectionManager: Rebuilt the GUID cache for 0 collections in 0.000001 seconds
[2023.04.05-12.53.10:139][  0]LogContentBrowser: Native class hierarchy populated in 0.0193 seconds. Added 2478 classes and 563 folders.
[2023.04.05-12.53.10:174][  0]LogContentBrowser: Native class hierarchy updated for 'WidgetCarousel' in 0.0033 seconds. Added 0 classes and 0 folders.
[2023.04.05-12.53.10:247][  0]LogContentBrowser: Native class hierarchy updated for 'AddContentDialog' in 0.0025 seconds. Added 0 classes and 0 folders.
[2023.04.05-12.53.10:259][  0]LogContentBrowser: Native class hierarchy updated for 'SceneOutliner' in 0.0025 seconds. Added 1 classes and 2 folders.
[2023.04.05-12.53.10:387][  0]LogSlate: Took 0.000379 seconds to synchronously load lazily loaded font '../../../Engine/Content/Slate/Fonts/Roboto-Regular.ttf' (155K)
[2023.04.05-12.53.10:393][  0]LogSlate: Took 0.004583 seconds to synchronously load lazily loaded font '../../../Engine/Content/Editor/Slate/Fonts/NanumGothic.ttf' (4243K)
[2023.04.05-12.53.10:399][  0]LogSlate: Took 0.003883 seconds to synchronously load lazily loaded font '../../../Engine/Content/Editor/Slate/Fonts/NanumGothicBold.ttf' (4188K)
[2023.04.05-12.53.10:399][  0]LogSlate: Took 0.000342 seconds to synchronously load lazily loaded font '../../../Engine/Content/Slate/Fonts/Roboto-Bold.ttf' (160K)
[2023.04.05-12.53.10:408][  0]LogSlate: Took 0.000287 seconds to synchronously load lazily loaded font '../../../Engine/Content/Editor/Slate/Fonts/FontAwesome.ttf' (139K)
[2023.04.05-12.53.10:560][  0]LogRenderer: Reallocating scene render targets to support 1872x668 Format 10 NumSamples 1 (Frame:1).
[2023.04.05-12.53.10:758][  0]LogContentBrowser: Native class hierarchy updated for 'HierarchicalLODOutliner' in 0.0023 seconds. Added 0 classes and 0 folders.
[2023.04.05-12.53.10:758][  0]LogLoad: (Engine Initialization) Total time: 35.94 seconds
[2023.04.05-12.53.10:758][  0]LogLoad: (Engine Initialization) Total Blueprint compile time: 0.00 seconds
[2023.04.05-12.53.10:793][  0]LogContentStreaming: Texture pool size now 1000 MB
[2023.04.05-12.53.10:896][  0]LogSlate: Took 0.000163 seconds to synchronously load lazily loaded font '../../../Engine/Content/Slate/Fonts/Roboto-Light.ttf' (167K)
[2023.04.05-12.53.10:968][  2]LogAssetRegistry: Asset discovery search completed in 28.2140 seconds
[2023.04.05-12.53.10:972][  2]LogCollectionManager: Rebuilt the object cache for 0 collections in 0.000000 seconds (found 0 objects)
[2023.04.05-12.53.10:972][  2]LogCollectionManager: Fixed up redirectors for 0 collections in 0.000154 seconds (updated 0 objects)
[2023.04.05-12.53.12:611][177]LogSlate: FSceneViewport::OnFocusLost() reason 0
[2023.04.05-12.53.12:790][189]LogSlate: Window 'ArenaBattle - 언리얼 에디터' being destroyed
[2023.04.05-12.53.13:007][190]Cmd: QUIT_EDITOR
[2023.04.05-12.53.13:023][190]LogWindowsTextInputMethodSystem: Display: IME system now activated using TSF (Microsoft 입력기).
[2023.04.05-12.53.13:035][190]LogSlate: Slate User Destroyed.  User Index 0, Is Virtual User: 0
[2023.04.05-12.53.13:035][190]LogExit: Preparing to exit.
[2023.04.05-12.53.13:648][190]LogDirectoryWatcher: A directory notification for 'D:/UE_Project/ArenaBattle/Content/' was aborted.
[2023.04.05-12.53.13:690][190]LogUObjectGlobals: Destroyed PersistentFrame Addr=0x000002491aefb700, Size=32
[2023.04.05-12.53.13:690][190]LogUObjectGlobals: Destroyed PersistentFrame Addr=0x000002490f58e740, Size=20
[2023.04.05-12.53.13:693][190]LogExit: Editor shut down
[2023.04.05-12.53.13:699][190]LogExit: Transaction tracking system shut down
[2023.04.05-12.53.13:878][190]LogDirectoryWatcher: A directory notification for '../../../Engine/Content/' was aborted.
[2023.04.05-12.53.13:878][190]LogDirectoryWatcher: A directory notification for '../../../../../../UE_Project/ArenaBattle/Content/' was aborted.
[2023.04.05-12.53.13:878][190]LogDirectoryWatcher: A directory notification for '../../Plugins/2D/Paper2D/Content/' was aborted.
[2023.04.05-12.53.13:879][190]LogDirectoryWatcher: A directory notification for '../../Plugins/Enterprise/DatasmithContent/Content/' was aborted.
[2023.04.05-12.53.13:879][190]LogDirectoryWatcher: A directory notification for '../../Plugins/Media/MediaCompositing/Content/' was aborted.
[2023.04.05-12.53.13:880][190]LogDirectoryWatcher: A directory notification for '../../Plugins/Runtime/AppleARKit/Content/' was aborted.
[2023.04.05-12.53.13:880][190]LogDirectoryWatcher: A directory notification for '../../Plugins/Runtime/Oculus/OculusVR/Content/' was aborted.
[2023.04.05-12.53.13:880][190]LogDirectoryWatcher: A directory notification for '../../Plugins/Runtime/Steam/SteamVR/Content/' was aborted.
[2023.04.05-12.53.13:978][190]LogExit: Object subsystem successfully closed.
[2023.04.05-12.53.14:127][190]LogShaderCompilers: Display: Shaders left to compile 0
[2023.04.05-12.53.14:148][190]LogD3D11RHI: Shutdown
[2023.04.05-12.53.14:148][190]LogD3D11RHI: CleanupD3DDevice
[2023.04.05-12.53.14:178][190]LogD3D11RHI: ~FD3D11DynamicRHI
[2023.04.05-12.53.14:191][190]LogModuleManager: Shutting down and abandoning module HierarchicalLODOutliner (578)
[2023.04.05-12.53.14:191][190]LogModuleManager: Shutting down and abandoning module DesktopPlatform (576)
[2023.04.05-12.53.14:191][190]LogModuleManager: Shutting down and abandoning module SceneOutliner (574)
[2023.04.05-12.53.14:191][190]LogModuleManager: Shutting down and abandoning module AddContentDialog (572)
[2023.04.05-12.53.14:191][190]LogDirectoryWatcher: A directory notification for 'D:/Tools/EpicGames/UE_4.19/FeaturePacks/' was aborted.
[2023.04.05-12.53.14:192][190]LogModuleManager: Shutting down and abandoning module WidgetCarousel (571)
[2023.04.05-12.53.14:192][190]LogModuleManager: Shutting down and abandoning module EditorWidgets (568)
[2023.04.05-12.53.14:192][190]LogModuleManager: Shutting down and abandoning module CollectionManager (566)
[2023.04.05-12.53.14:192][190]LogDirectoryWatcher: A directory notification for 'D:/UE_Project/ArenaBattle/Content/Collections/' was aborted.
[2023.04.05-12.53.14:193][190]LogDirectoryWatcher: A directory notification for 'D:/UE_Project/ArenaBattle/Content/Developers/82104/Collections/' was aborted.
[2023.04.05-12.53.14:193][190]LogDirectoryWatcher: A directory notification for 'D:/UE_Project/ArenaBattle/Saved/Collections/' was aborted.
[2023.04.05-12.53.14:193][190]LogModuleManager: Shutting down and abandoning module StatsViewer (564)
[2023.04.05-12.53.14:193][190]LogModuleManager: Shutting down and abandoning module FoliageEdit (562)
[2023.04.05-12.53.14:193][190]LogModuleManager: Shutting down and abandoning module LandscapeEditor (560)
[2023.04.05-12.53.14:193][190]LogModuleManager: Shutting down and abandoning module MeshPaintMode (558)
[2023.04.05-12.53.14:193][190]LogModuleManager: Shutting down and abandoning module SceneDepthPickerMode (556)
[2023.04.05-12.53.14:193][190]LogModuleManager: Shutting down and abandoning module ActorPickerMode (554)
[2023.04.05-12.53.14:193][190]LogModuleManager: Shutting down and abandoning module GeometryMode (552)
[2023.04.05-12.53.14:193][190]LogModuleManager: Shutting down and abandoning module TextureAlignMode (550)
[2023.04.05-12.53.14:193][190]LogModuleManager: Shutting down and abandoning module BspMode (548)
[2023.04.05-12.53.14:193][190]LogModuleManager: Shutting down and abandoning module PIEPreviewDeviceProfileSelector (546)
[2023.04.05-12.53.14:193][190]LogModuleManager: Shutting down and abandoning module HardwareSurvey (544)
[2023.04.05-12.53.14:193][190]LogModuleManager: Shutting down and abandoning module SequenceRecorderSections (542)
[2023.04.05-12.53.14:193][190]LogModuleManager: Shutting down and abandoning module AutomationWorker (540)
[2023.04.05-12.53.14:193][190]LogModuleManager: Shutting down and abandoning module AudioCaptureEditor (538)
[2023.04.05-12.53.14:193][190]LogModuleManager: Shutting down and abandoning module SequenceRecorder (537)
[2023.04.05-12.53.14:193][190]LogModuleManager: Shutting down and abandoning module MatineeToLevelSequence (534)
[2023.04.05-12.53.14:194][190]LogModuleManager: Shutting down and abandoning module LevelSequenceEditor (532)
[2023.04.05-12.53.14:194][190]LogModuleManager: Shutting down and abandoning module PlacementMode (531)
[2023.04.05-12.53.14:194][190]LogModuleManager: Shutting down and abandoning module MaterialEditor (530)
[2023.04.05-12.53.14:194][190]LogModuleManager: Shutting down and abandoning module WmfMediaFactory (526)
[2023.04.05-12.53.14:194][190]LogModuleManager: Shutting down and abandoning module WmfMediaEditor (524)
[2023.04.05-12.53.14:194][190]LogModuleManager: Shutting down and abandoning module MediaPlayerEditor (522)
[2023.04.05-12.53.14:194][190]LogModuleManager: Shutting down and abandoning module OpenExrWrapper (520)
[2023.04.05-12.53.14:194][190]LogModuleManager: Shutting down and abandoning module ImgMediaFactory (518)
[2023.04.05-12.53.14:194][190]LogModuleManager: Shutting down and abandoning module ImgMediaEditor (516)
[2023.04.05-12.53.14:194][190]LogModuleManager: Shutting down and abandoning module AvfMediaFactory (514)
[2023.04.05-12.53.14:194][190]LogModuleManager: Shutting down and abandoning module AvfMediaEditor (512)
[2023.04.05-12.53.14:194][190]LogModuleManager: Shutting down and abandoning module AndroidMediaFactory (510)
[2023.04.05-12.53.14:194][190]LogModuleManager: Shutting down and abandoning module AndroidMediaEditor (508)
[2023.04.05-12.53.14:194][190]LogModuleManager: Shutting down and abandoning module CharacterAI (506)
[2023.04.05-12.53.14:209][190]LogModuleManager: Shutting down and abandoning module SmartSnapping (504)
[2023.04.05-12.53.14:209][190]LogModuleManager: Shutting down and abandoning module SessionServices (502)
[2023.04.05-12.53.14:209][190]LogModuleManager: Shutting down and abandoning module ViewportSnapping (500)
[2023.04.05-12.53.14:209][190]LogModuleManager: Shutting down and abandoning module ViewportInteraction (498)
[2023.04.05-12.53.14:209][190]LogModuleManager: Shutting down and abandoning module ClothPainter (496)
[2023.04.05-12.53.14:209][190]LogModuleManager: Shutting down and abandoning module SkeletalMeshEditor (495)
[2023.04.05-12.53.14:210][190]LogModuleManager: Shutting down and abandoning module LogVisualizer (492)
[2023.04.05-12.53.14:210][190]LogModuleManager: Shutting down and abandoning module IntroTutorials (490)
[2023.04.05-12.53.14:210][190]LogModuleManager: Shutting down and abandoning module GameProjectGeneration (489)
[2023.04.05-12.53.14:210][190]LogModuleManager: Shutting down and abandoning module IOSPlatformEditor (486)
[2023.04.05-12.53.14:210][190]LogModuleManager: Shutting down and abandoning module HTML5PlatformEditor (484)
[2023.04.05-12.53.14:210][190]LogModuleManager: Shutting down and abandoning module AndroidPlatformEditor (482)
[2023.04.05-12.53.14:210][190]LogModuleManager: Shutting down and abandoning module AndroidDeviceDetection (481)
[2023.04.05-12.53.14:556][190]LogModuleManager: Shutting down and abandoning module WindowsPlatformEditor (478)
[2023.04.05-12.53.14:557][190]LogModuleManager: Shutting down and abandoning module IOSRuntimeSettings (476)
[2023.04.05-12.53.14:557][190]LogModuleManager: Shutting down and abandoning module AndroidRuntimeSettings (474)
[2023.04.05-12.53.14:557][190]LogModuleManager: Shutting down and abandoning module InputBindingEditor (472)
[2023.04.05-12.53.14:557][190]LogModuleManager: Shutting down and abandoning module MergeActors (470)
[2023.04.05-12.53.14:557][190]LogModuleManager: Shutting down and abandoning module LocalizationDashboard (468)
[2023.04.05-12.53.14:557][190]LogModuleManager: Shutting down and abandoning module LocalizationService (467)
[2023.04.05-12.53.14:557][190]LogModuleManager: Shutting down and abandoning module HardwareTargeting (464)
[2023.04.05-12.53.14:557][190]LogModuleManager: Shutting down and abandoning module DeviceProfileEditor (462)
[2023.04.05-12.53.14:557][190]LogModuleManager: Shutting down and abandoning module UndoHistory (460)
[2023.04.05-12.53.14:557][190]LogModuleManager: Shutting down and abandoning module XmlParser (458)
[2023.04.05-12.53.14:557][190]LogModuleManager: Shutting down and abandoning module Blutility (456)
[2023.04.05-12.53.14:557][190]LogModuleManager: Shutting down and abandoning module ProjectSettingsViewer (454)
[2023.04.05-12.53.14:557][190]LogModuleManager: Shutting down and abandoning module ProjectTargetPlatformEditor (453)
[2023.04.05-12.53.14:557][190]LogModuleManager: Shutting down and abandoning module EditorSettingsViewer (450)
[2023.04.05-12.53.14:557][190]LogModuleManager: Shutting down and abandoning module SettingsEditor (448)
[2023.04.05-12.53.14:557][190]LogModuleManager: Shutting down and abandoning module ProjectLauncher (446)
[2023.04.05-12.53.14:557][190]LogModuleManager: Shutting down and abandoning module SessionFrontend (444)
[2023.04.05-12.53.14:557][190]LogModuleManager: Shutting down and abandoning module ProfilerClient (442)
[2023.04.05-12.53.14:557][190]LogModuleManager: Shutting down and abandoning module DeviceManager (440)
[2023.04.05-12.53.14:557][190]LogModuleManager: Shutting down and abandoning module TargetDeviceServices (439)
[2023.04.05-12.53.14:601][190]LogModuleManager: Shutting down and abandoning module AutomationController (436)
[2023.04.05-12.53.14:601][190]LogModuleManager: Shutting down and abandoning module AutomationWindow (434)
[2023.04.05-12.53.14:601][190]LogModuleManager: Shutting down and abandoning module Layers (432)
[2023.04.05-12.53.14:601][190]LogModuleManager: Shutting down and abandoning module ComponentVisualizers (430)
[2023.04.05-12.53.14:601][190]LogModuleManager: Shutting down and abandoning module DetailCustomizations (428)
[2023.04.05-12.53.14:601][190]LogModuleManager: Shutting down and abandoning module PackagesDialog (426)
[2023.04.05-12.53.14:601][190]LogModuleManager: Shutting down and abandoning module Persona (424)
[2023.04.05-12.53.14:601][190]LogModuleManager: Shutting down and abandoning module AdvancedPreviewScene (423)
[2023.04.05-12.53.14:601][190]LogModuleManager: Shutting down and abandoning module AnimGraph (421)
[2023.04.05-12.53.14:601][190]LogModuleManager: Shutting down and abandoning module Kismet (418)
[2023.04.05-12.53.14:601][190]LogModuleManager: Shutting down and abandoning module GraphEditor (416)
[2023.04.05-12.53.14:601][190]LogModuleManager: Shutting down and abandoning module ClassViewer (414)
[2023.04.05-12.53.14:601][190]LogModuleManager: Shutting down and abandoning module Toolbox (412)
[2023.04.05-12.53.14:601][190]LogModuleManager: Shutting down and abandoning module ModuleUI (410)
[2023.04.05-12.53.14:601][190]LogModuleManager: Shutting down and abandoning module MovieSceneTools (408)
[2023.04.05-12.53.14:601][190]LogModuleManager: Shutting down and abandoning module OutputLog (406)
[2023.04.05-12.53.14:601][190]LogModuleManager: Shutting down and abandoning module GammaUI (404)
[2023.04.05-12.53.14:601][190]LogModuleManager: Shutting down and abandoning module Documentation (402)
[2023.04.05-12.53.14:601][190]LogModuleManager: Shutting down and abandoning module MovieSceneTracks (400)
[2023.04.05-12.53.14:601][190]LogModuleManager: Shutting down and abandoning module MovieScene (398)
[2023.04.05-12.53.14:601][190]LogModuleManager: Shutting down and abandoning module StreamingPauseRendering (396)
[2023.04.05-12.53.14:601][190]LogModuleManager: Shutting down and abandoning module LauncherPlatform (394)
[2023.04.05-12.53.14:601][190]LogModuleManager: Shutting down and abandoning module AnalyticsET (392)
[2023.04.05-12.53.14:601][190]LogModuleManager: Shutting down and abandoning module PortalServices (390)
[2023.04.05-12.53.14:601][190]LogModuleManager: Shutting down and abandoning module PortalRpc (388)
[2023.04.05-12.53.14:601][190]LogModuleManager: Shutting down and abandoning module MessagingRpc (386)
[2023.04.05-12.53.14:601][190]LogModuleManager: Shutting down and abandoning module AIModule (384)
[2023.04.05-12.53.14:601][190]LogModuleManager: Shutting down and abandoning module GameplayDebugger (383)
[2023.04.05-12.53.14:602][190]LogModuleManager: Shutting down and abandoning module AITestSuite (381)
[2023.04.05-12.53.14:602][190]LogModuleManager: Shutting down and abandoning module ProfilerService (378)
[2023.04.05-12.53.14:853][190]LogModuleManager: Shutting down and abandoning module TaskGraph (376)
[2023.04.05-12.53.14:853][190]LogModuleManager: Shutting down and abandoning module SteamVRController (374)
[2023.04.05-12.53.14:853][190]LogModuleManager: Shutting down and abandoning module ProceduralMeshComponentEditor (372)
[2023.04.05-12.53.14:853][190]LogModuleManager: Shutting down and abandoning module ProceduralMeshComponent (370)
[2023.04.05-12.53.14:853][190]LogModuleManager: Shutting down and abandoning module OculusInput (368)
[2023.04.05-12.53.14:853][190]LogModuleManager: Shutting down and abandoning module MobilePatchingUtils (366)
[2023.04.05-12.53.14:853][190]LogModuleManager: Shutting down and abandoning module CustomMeshComponent (364)
[2023.04.05-12.53.14:853][190]LogModuleManager: Shutting down and abandoning module CableComponent (362)
[2023.04.05-12.53.14:853][190]LogModuleManager: Shutting down and abandoning module AudioCapture (360)
[2023.04.05-12.53.14:853][190]LogModuleManager: Shutting down and abandoning module ArchVisCharacter (358)
[2023.04.05-12.53.14:853][190]LogModuleManager: Shutting down and abandoning module AndroidPermission (356)
[2023.04.05-12.53.14:853][190]LogModuleManager: Shutting down and abandoning module NUTUnrealEngine4 (352)
[2023.04.05-12.53.14:853][190]LogModuleManager: Shutting down and abandoning module NetcodeUnitTest (350)
[2023.04.05-12.53.14:853][190]LogModuleManager: Shutting down and abandoning module MediaCompositingEditor (348)
[2023.04.05-12.53.14:853][190]LogModuleManager: Shutting down and abandoning module MediaCompositing (346)
[2023.04.05-12.53.14:853][190]LogModuleManager: Shutting down and abandoning module LinearTimecode (344)
[2023.04.05-12.53.14:853][190]LogModuleManager: Shutting down and abandoning module ImgMedia (342)
[2023.04.05-12.53.14:858][190]LogModuleManager: Shutting down and abandoning module HTML5Networking (340)
[2023.04.05-12.53.14:858][190]LogModuleManager: Shutting down and abandoning module AlembicImporter (338)
[2023.04.05-12.53.14:858][190]LogModuleManager: Shutting down and abandoning module AlembicLibrary (337)
[2023.04.05-12.53.14:858][190]LogModuleManager: Shutting down and abandoning module GeometryCache (336)
[2023.04.05-12.53.14:858][190]LogModuleManager: Shutting down and abandoning module GeometryCacheEd (335)
[2023.04.05-12.53.14:858][190]LogModuleManager: Shutting down and abandoning module DatasmithContent (330)
[2023.04.05-12.53.14:858][190]LogModuleManager: Shutting down and abandoning module SpeedTreeImporter (328)
[2023.04.05-12.53.14:858][190]LogModuleManager: Shutting down and abandoning module PluginBrowser (326)
[2023.04.05-12.53.14:858][190]LogModuleManager: Shutting down and abandoning module MobileLauncherProfileWizard (324)
[2023.04.05-12.53.14:858][190]LogModuleManager: Shutting down and abandoning module CryptoKeysOpenSSL (322)
[2023.04.05-12.53.14:858][190]LogModuleManager: Shutting down and abandoning module CryptoKeys (320)
[2023.04.05-12.53.14:858][190]LogModuleManager: Shutting down and abandoning module VisualStudioSourceCodeAccess (318)
[2023.04.05-12.53.14:858][190]LogModuleManager: Shutting down and abandoning module VisualStudioCodeSourceCodeAccess (316)
[2023.04.05-12.53.14:858][190]LogModuleManager: Shutting down and abandoning module UObjectPlugin (314)
[2023.04.05-12.53.14:858][190]LogModuleManager: Shutting down and abandoning module SubversionSourceControl (312)
[2023.04.05-12.53.14:858][190]LogModuleManager: Shutting down and abandoning module PerforceSourceControl (310)
[2023.04.05-12.53.14:858][190]LogModuleManager: Shutting down and abandoning module GitSourceControl (308)
[2023.04.05-12.53.14:858][190]LogModuleManager: Shutting down and abandoning module SourceControl (307)
[2023.04.05-12.53.14:858][190]LogModuleManager: Shutting down and abandoning module CLionSourceCodeAccess (304)
[2023.04.05-12.53.14:858][190]LogModuleManager: Shutting down and abandoning module LightPropagationVolumeEditor (302)
[2023.04.05-12.53.14:858][190]LogModuleManager: Shutting down and abandoning module PaperTiledImporter (300)
[2023.04.05-12.53.14:858][190]LogModuleManager: Shutting down and abandoning module PaperSpriteSheetImporter (298)
[2023.04.05-12.53.14:858][190]LogModuleManager: Shutting down and abandoning module Paper2DEditor (296)
[2023.04.05-12.53.14:859][190]LogModuleManager: Shutting down and abandoning module MeshPaint (295)
[2023.04.05-12.53.14:859][190]LogModuleManager: Shutting down and abandoning module ArenaBattle (292)
[2023.04.05-12.53.14:859][190]LogModuleManager: Shutting down and abandoning module RuntimePhysXCooking (290)
[2023.04.05-12.53.14:859][190]LogModuleManager: Shutting down and abandoning module PhysXVehiclesEditor (288)
[2023.04.05-12.53.14:859][190]LogModuleManager: Shutting down and abandoning module PhysXVehicles (286)
[2023.04.05-12.53.14:859][190]LogModuleManager: Shutting down and abandoning module OculusEditor (284)
[2023.04.05-12.53.14:859][190]LogModuleManager: Shutting down and abandoning module LocationServicesBPLibrary (282)
[2023.04.05-12.53.14:859][190]LogModuleManager: Shutting down and abandoning module ImmediatePhysicsEditor (280)
[2023.04.05-12.53.14:859][190]LogModuleManager: Shutting down and abandoning module ImmediatePhysics (278)
[2023.04.05-12.53.14:859][190]LogModuleManager: Shutting down and abandoning module ActorSequence (276)
[2023.04.05-12.53.14:859][190]LogModuleManager: Shutting down and abandoning module UdpMessaging (274)
[2023.04.05-12.53.14:960][190]LogModuleManager: Shutting down and abandoning module TcpMessaging (272)
[2023.04.05-12.53.15:061][190]LogModuleManager: Shutting down and abandoning module GameplayTagsEditor (270)
[2023.04.05-12.53.15:061][190]LogModuleManager: Shutting down and abandoning module FacialAnimationEditor (268)
[2023.04.05-12.53.15:061][190]LogModuleManager: Shutting down and abandoning module FacialAnimation (266)
[2023.04.05-12.53.15:061][190]LogModuleManager: Shutting down and abandoning module DataValidation (264)
[2023.04.05-12.53.15:061][190]LogModuleManager: Shutting down and abandoning module AssetManagerEditor (262)
[2023.04.05-12.53.15:061][190]LogModuleManager: Shutting down and abandoning module LevelEditor (261)
[2023.04.05-12.53.15:062][190]LogModuleManager: Shutting down and abandoning module PixelInspectorModule (260)
[2023.04.05-12.53.15:062][190]LogModuleManager: Shutting down and abandoning module CommonMenuExtensions (258)
[2023.04.05-12.53.15:062][190]LogModuleManager: Shutting down and abandoning module MainFrame (256)
[2023.04.05-12.53.15:063][190]LogModuleManager: Shutting down and abandoning module HotReload (255)
[2023.04.05-12.53.15:063][190]LogDirectoryWatcher: A directory notification for 'D:/UE_Project/ArenaBattle/Binaries/Win64' was aborted.
[2023.04.05-12.53.15:063][190]LogModuleManager: Shutting down and abandoning module ContentBrowser (251)
[2023.04.05-12.53.15:064][190]LogModuleManager: Shutting down and abandoning module TreeMap (249)
[2023.04.05-12.53.15:064][190]LogModuleManager: Shutting down and abandoning module LightPropagationVolumeRuntime (246)
[2023.04.05-12.53.15:064][190]LogModuleManager: Shutting down and abandoning module LiveLinkEditor (244)
[2023.04.05-12.53.15:064][190]LogModuleManager: Shutting down and abandoning module LiveLink (242)
[2023.04.05-12.53.15:186][190]LogModuleManager: Shutting down and abandoning module Paper2D (240)
[2023.04.05-12.53.15:186][190]LogModuleManager: Shutting down and abandoning module ArenaBattleSetting (238)
[2023.04.05-12.53.15:186][190]LogModuleManager: Shutting down and abandoning module WindowsMoviePlayer (236)
[2023.04.05-12.53.15:186][190]LogModuleManager: Shutting down and abandoning module WmfMedia (234)
[2023.04.05-12.53.15:189][190]LogModuleManager: Shutting down and abandoning module Media (233)
[2023.04.05-12.53.15:195][190]LogModuleManager: Shutting down and abandoning module PacketHandler (230)
[2023.04.05-12.53.15:195][190]LogModuleManager: Shutting down and abandoning module ClothingSystemEditor (228)
[2023.04.05-12.53.15:195][190]LogModuleManager: Shutting down and abandoning module ClothingSystemRuntime (226)
[2023.04.05-12.53.15:196][190]LogModuleManager: Shutting down and abandoning module MediaAssets (224)
[2023.04.05-12.53.15:196][190]LogModuleManager: Shutting down and abandoning module Overlay (222)
[2023.04.05-12.53.15:196][190]LogModuleManager: Shutting down and abandoning module OverlayEditor (221)
[2023.04.05-12.53.15:196][190]LogModuleManager: Shutting down and abandoning module VREditor (218)
[2023.04.05-12.53.15:196][190]LogModuleManager: Shutting down and abandoning module StringTableEditor (216)
[2023.04.05-12.53.15:196][190]LogModuleManager: Shutting down and abandoning module GameplayTasksEditor (214)
[2023.04.05-12.53.15:196][190]LogModuleManager: Shutting down and abandoning module BehaviorTreeEditor (212)
[2023.04.05-12.53.15:196][190]LogModuleManager: Shutting down and abandoning module FunctionalTesting (210)
[2023.04.05-12.53.15:196][190]LogModuleManager: Shutting down and abandoning module CollisionAnalyzer (208)
[2023.04.05-12.53.15:196][190]LogModuleManager: Shutting down and abandoning module WorkspaceMenuStructure (207)
[2023.04.05-12.53.15:196][190]LogModuleManager: Shutting down and abandoning module UMG (204)
[2023.04.05-12.53.15:196][190]LogModuleManager: Shutting down and abandoning module UMGEditor (203)
[2023.04.05-12.53.15:196][190]LogModuleManager: Shutting down and abandoning module Sequencer (202)
[2023.04.05-12.53.15:196][190]LogModuleManager: Shutting down and abandoning module MessageLog (199)
[2023.04.05-12.53.15:196][190]LogModuleManager: Shutting down and abandoning module SlateReflector (194)
[2023.04.05-12.53.15:196][190]LogModuleManager: Shutting down and abandoning module Slate (192)
[2023.04.05-12.53.15:196][190]LogModuleManager: Shutting down and abandoning module EditorStyle (190)
[2023.04.05-12.53.15:198][190]LogModuleManager: Shutting down and abandoning module MRMesh (188)
[2023.04.05-12.53.15:198][190]LogModuleManager: Shutting down and abandoning module SourceCodeAccess (186)
[2023.04.05-12.53.15:198][190]LogModuleManager: Shutting down and abandoning module HeadMountedDisplay (184)
[2023.04.05-12.53.15:198][190]LogModuleManager: Shutting down and abandoning module XAudio2 (182)
[2023.04.05-12.53.15:198][190]LogModuleManager: Shutting down and abandoning module Networking (180)
[2023.04.05-12.53.15:198][190]LogModuleManager: Shutting down and abandoning module Core (178)
[2023.04.05-12.53.15:198][190]LogModuleManager: Shutting down and abandoning module LevelSequence (176)
[2023.04.05-12.53.15:198][190]LogModuleManager: Shutting down and abandoning module KismetCompiler (174)
[2023.04.05-12.53.15:198][190]LogModuleManager: Shutting down and abandoning module MeshUtilities (172)
[2023.04.05-12.53.15:198][190]LogModuleManager: Shutting down and abandoning module MeshMergeUtilities (171)
[2023.04.05-12.53.15:198][190]LogModuleManager: Shutting down and abandoning module MeshReductionInterface (170)
[2023.04.05-12.53.15:198][190]LogModuleManager: Shutting down and abandoning module SimplygonSwarm (169)
[2023.04.05-12.53.15:199][190]LogModuleManager: Shutting down and abandoning module SimplygonMeshReduction (167)
[2023.04.05-12.53.15:199][190]LogModuleManager: Shutting down and abandoning module QuadricMeshReduction (165)
[2023.04.05-12.53.15:199][190]LogModuleManager: Shutting down and abandoning module MaterialBaking (161)
[2023.04.05-12.53.15:199][190]LogModuleManager: Shutting down and abandoning module DirectoryWatcher (157)
[2023.04.05-12.53.15:200][190]LogModuleManager: Shutting down and abandoning module DerivedDataCache (154)
[2023.04.05-12.53.15:508][190]LogDerivedDataCache: Shutdown
[2023.04.05-12.53.15:508][190]LogModuleManager: Shutting down and abandoning module XGEController (152)
[2023.04.05-12.53.15:508][190]LogXGEController: Cleaning working directory: C:/Users/Wonjeong/AppData/Local/Temp/UnrealXGEWorkingDir/
[2023.04.05-12.53.15:508][190]LogModuleManager: Shutting down and abandoning module TargetPlatform (150)
[2023.04.05-12.53.15:508][190]LogModuleManager: Shutting down and abandoning module VulkanShaderFormat (149)
[2023.04.05-12.53.15:508][190]LogModuleManager: Shutting down and abandoning module ShaderFormatVectorVM (147)
[2023.04.05-12.53.15:508][190]LogModuleManager: Shutting down and abandoning module ShaderFormatOpenGL (145)
[2023.04.05-12.53.15:508][190]LogModuleManager: Shutting down and abandoning module ShaderFormatD3D (143)
[2023.04.05-12.53.15:508][190]LogModuleManager: Shutting down and abandoning module MetalShaderFormat (141)
[2023.04.05-12.53.15:508][190]LogModuleManager: Shutting down and abandoning module TextureFormatUncompressed (139)
[2023.04.05-12.53.15:508][190]LogModuleManager: Shutting down and abandoning module TextureFormatPVR (137)
[2023.04.05-12.53.15:508][190]LogModuleManager: Shutting down and abandoning module TextureFormatDXT (135)
[2023.04.05-12.53.15:508][190]LogModuleManager: Shutting down and abandoning module TextureFormatIntelISPCTexComp (133)
[2023.04.05-12.53.15:508][190]LogModuleManager: Shutting down and abandoning module TextureFormatASTC (131)
[2023.04.05-12.53.15:508][190]LogModuleManager: Shutting down and abandoning module ImageWrapper (130)
[2023.04.05-12.53.15:508][190]LogModuleManager: Shutting down and abandoning module TextureFormatAndroid (127)
[2023.04.05-12.53.15:508][190]LogModuleManager: Shutting down and abandoning module AudioFormatOpus (125)
[2023.04.05-12.53.15:508][190]LogModuleManager: Shutting down and abandoning module AudioFormatOgg (123)
[2023.04.05-12.53.15:509][190]LogModuleManager: Shutting down and abandoning module AudioFormatADPCM (121)
[2023.04.05-12.53.15:509][190]LogModuleManager: Shutting down and abandoning module LinuxTargetPlatform (119)
[2023.04.05-12.53.15:509][190]LogModuleManager: Shutting down and abandoning module LinuxServerTargetPlatform (117)
[2023.04.05-12.53.15:509][190]LogModuleManager: Shutting down and abandoning module LinuxNoEditorTargetPlatform (115)
[2023.04.05-12.53.15:509][190]LogModuleManager: Shutting down and abandoning module LinuxClientTargetPlatform (113)
[2023.04.05-12.53.15:509][190]LogModuleManager: Shutting down and abandoning module TVOSTargetPlatform (111)
[2023.04.05-12.53.15:509][190]LogModuleManager: Shutting down and abandoning module Messaging (109)
[2023.04.05-12.53.15:509][190]LogModuleManager: Shutting down and abandoning module IOSTargetPlatform (107)
[2023.04.05-12.53.15:509][190]LogModuleManager: Shutting down and abandoning module HTML5TargetPlatform (105)
[2023.04.05-12.53.15:509][190]LogModuleManager: Shutting down and abandoning module AndroidTargetPlatform (103)
[2023.04.05-12.53.15:509][190]LogModuleManager: Shutting down and abandoning module Android_PVRTCTargetPlatform (101)
[2023.04.05-12.53.15:509][190]LogModuleManager: Shutting down and abandoning module Android_MultiTargetPlatform (99)
[2023.04.05-12.53.15:509][190]LogModuleManager: Shutting down and abandoning module Android_ETC2TargetPlatform (97)
[2023.04.05-12.53.15:509][190]LogModuleManager: Shutting down and abandoning module Android_ETC1TargetPlatform (95)
[2023.04.05-12.53.15:509][190]LogModuleManager: Shutting down and abandoning module Android_ETC1aTargetPlatform (93)
[2023.04.05-12.53.15:509][190]LogModuleManager: Shutting down and abandoning module Android_DXTTargetPlatform (91)
[2023.04.05-12.53.15:509][190]LogModuleManager: Shutting down and abandoning module Android_ATCTargetPlatform (89)
[2023.04.05-12.53.15:509][190]LogModuleManager: Shutting down and abandoning module Android_ASTCTargetPlatform (87)
[2023.04.05-12.53.15:509][190]LogModuleManager: Shutting down and abandoning module WindowsTargetPlatform (85)
[2023.04.05-12.53.15:509][190]LogModuleManager: Shutting down and abandoning module WindowsServerTargetPlatform (83)
[2023.04.05-12.53.15:509][190]LogModuleManager: Shutting down and abandoning module WindowsNoEditorTargetPlatform (81)
[2023.04.05-12.53.15:509][190]LogModuleManager: Shutting down and abandoning module WindowsClientTargetPlatform (79)
[2023.04.05-12.53.15:509][190]LogModuleManager: Shutting down and abandoning module MacTargetPlatform (77)
[2023.04.05-12.53.15:509][190]LogModuleManager: Shutting down and abandoning module MacServerTargetPlatform (75)
[2023.04.05-12.53.15:509][190]LogModuleManager: Shutting down and abandoning module MacNoEditorTargetPlatform (73)
[2023.04.05-12.53.15:509][190]LogModuleManager: Shutting down and abandoning module MacClientTargetPlatform (71)
[2023.04.05-12.53.15:509][190]LogModuleManager: Shutting down and abandoning module AllDesktopTargetPlatform (69)
[2023.04.05-12.53.15:509][190]LogModuleManager: Shutting down and abandoning module InputCore (66)
[2023.04.05-12.53.15:509][190]LogModuleManager: Shutting down and abandoning module Settings (64)
[2023.04.05-12.53.15:509][190]LogModuleManager: Shutting down and abandoning module PhysXCooking (62)
[2023.04.05-12.53.15:509][190]LogModuleManager: Shutting down and abandoning module SteamVR (60)
[2023.04.05-12.53.15:509][190]LogModuleManager: Shutting down and abandoning module OculusHMD (58)
[2023.04.05-12.53.15:509][190]LogModuleManager: Shutting down and abandoning module ExampleDeviceProfileSelector (56)
[2023.04.05-12.53.15:509][190]LogModuleManager: Shutting down and abandoning module AppleARKit (54)
[2023.04.05-12.53.15:509][190]LogModuleManager: Shutting down and abandoning module AugmentedReality (51)
[2023.04.05-12.53.15:509][190]LogModuleManager: Shutting down and abandoning module OnlineBlueprintSupport (48)
[2023.04.05-12.53.15:509][190]LogModuleManager: Shutting down and abandoning module OnlineSubsystem (44)
[2023.04.05-12.53.15:509][190]LogModuleManager: Shutting down and abandoning module XMPP (43)
[2023.04.05-12.53.15:509][190]LogModuleManager: Shutting down and abandoning module HTTP (41)
[2023.04.05-12.53.15:509][190]LogHttp: Display: Http module shutting down, but needs to wait on 1 outstanding Http requests:
[2023.04.05-12.53.15:509][190]LogHttp: Display: 	verb=[POST] url=[https://datarouter.ol.epicgames.com/datarouter/api/v1/public/data?SessionID=%7B904411F8-44D5-458B-B414-08B1B0814115%7D&AppID=UEEditor.Rocket.Release&AppVersion=4.19.2-4033788%2B%2B%2BUE4%2BRelease-4.19&UserID=0903b8c2435f474ae056b4966481071b%7Cc9ba19f18753461bb04966bd5d331490%7C672eb630-afe1-471c-ac31-1d50834ed575&AppEnvironment=datacollector-binary&UploadType=eteventstream] status=Processing
[2023.04.05-12.53.15:512][190]LogModuleManager: Shutting down and abandoning module SSL (40)
[2023.04.05-12.53.15:513][190]LogModuleManager: Shutting down and abandoning module AnimationModifiers (36)
[2023.04.05-12.53.15:513][190]LogModuleManager: Shutting down and abandoning module PropertyEditor (35)
[2023.04.05-12.53.15:513][190]LogModuleManager: Shutting down and abandoning module AudioEditor (32)
[2023.04.05-12.53.15:513][190]LogModuleManager: Shutting down and abandoning module TextureCompressor (30)
[2023.04.05-12.53.15:513][190]LogModuleManager: Shutting down and abandoning module ShaderCore (28)
[2023.04.05-12.53.15:513][190]LogModuleManager: Shutting down and abandoning module Landscape (26)
[2023.04.05-12.53.15:513][190]LogModuleManager: Shutting down and abandoning module SlateRHIRenderer (24)
[2023.04.05-12.53.15:515][190]LogModuleManager: Shutting down and abandoning module OpenGLDrv (22)
[2023.04.05-12.53.15:515][190]LogModuleManager: Shutting down and abandoning module D3D11RHI (20)
[2023.04.05-12.53.15:515][190]LogModuleManager: Shutting down and abandoning module AnimGraphRuntime (18)
[2023.04.05-12.53.15:515][190]LogModuleManager: Shutting down and abandoning module Renderer (16)
[2023.04.05-12.53.15:515][190]LogModuleManager: Shutting down and abandoning module Engine (14)
[2023.04.05-12.53.15:515][190]LogModuleManager: Shutting down and abandoning module CoreUObject (12)
[2023.04.05-12.53.15:515][190]LogModuleManager: Shutting down and abandoning module NetworkFile (10)
[2023.04.05-12.53.15:515][190]LogModuleManager: Shutting down and abandoning module CookedIterativeFile (8)
[2023.04.05-12.53.15:515][190]LogModuleManager: Shutting down and abandoning module StreamingFile (6)
[2023.04.05-12.53.15:515][190]LogModuleManager: Shutting down and abandoning module SandboxFile (4)
[2023.04.05-12.53.15:515][190]LogModuleManager: Shutting down and abandoning module PakFile (2)
[2023.04.05-12.53.15:536][190]LogExit: Exiting.
[2023.04.05-12.53.15:551][190]Log file closed, 04/05/23 21:53:15
